<?xml version="1.0" encoding="UTF-8"?>
<testng-results skipped="0" failed="0" ignored="0" total="0" passed="0">
  <reporter-output>
  </reporter-output>
  <suite name="Suite" duration-ms="428" started-at="2020-06-24T17:52:53 IST" finished-at="2020-06-24T17:52:54 IST">
    <groups>
      <group name="cucumber">
        <method signature="AbstractTestNGCucumberTests.runScenario(io.cucumber.testng.PickleWrapper, io.cucumber.testng.FeatureWrapper)[pri:0, instance:Runner.Testrunner@37d31475]" name="runScenario" class="io.cucumber.testng.AbstractTestNGCucumberTests"/>
      </group> <!-- cucumber -->
    </groups>
    <test name="Test" duration-ms="428" started-at="2020-06-24T17:52:53 IST" finished-at="2020-06-24T17:52:54 IST">
      <class name="Runner.Testrunner">
        <test-method status="PASS" signature="setUpClass()[pri:0, instance:Runner.Testrunner@37d31475]" name="setUpClass" is-config="true" duration-ms="363" started-at="2020-06-24T17:52:53 IST" finished-at="2020-06-24T17:52:54 IST">
          <reporter-output>
          </reporter-output>
        </test-method> <!-- setUpClass -->
        <test-method status="PASS" signature="tearDownClass()[pri:0, instance:Runner.Testrunner@37d31475]" name="tearDownClass" is-config="true" duration-ms="10" started-at="2020-06-24T17:52:54 IST" finished-at="2020-06-24T17:52:54 IST">
          <reporter-output>
          </reporter-output>
        </test-method> <!-- tearDownClass -->
      </class> <!-- Runner.Testrunner -->
    </test> <!-- Test -->
  </suite> <!-- Suite -->
</testng-results>
