<?xml version="1.0" encoding="UTF-8" standalone="no"?>
<testsuite failures="8" name="cucumber.runtime.formatter.JUnitFormatter" skipped="0" tests="8" time="39.246324">
<testcase classname="Library Management" name="Get Book Details by id" time="10.937726">
<failure message="java.net.ConnectException: Connection refused: connect&#13;&#10;&#9;at java.net.DualStackPlainSocketImpl.connect0(Native Method)&#13;&#10;&#9;at java.net.DualStackPlainSocketImpl.socketConnect(Unknown Source)&#13;&#10;&#9;at java.net.AbstractPlainSocketImpl.doConnect(Unknown Source)&#13;&#10;&#9;at java.net.AbstractPlainSocketImpl.connectToAddress(Unknown Source)&#13;&#10;&#9;at java.net.AbstractPlainSocketImpl.connect(Unknown Source)&#13;&#10;&#9;at java.net.PlainSocketImpl.connect(Unknown Source)&#13;&#10;&#9;at java.net.SocksSocketImpl.connect(Unknown Source)&#13;&#10;&#9;at java.net.Socket.connect(Unknown Source)&#13;&#10;&#9;at org.apache.http.conn.scheme.PlainSocketFactory.connectSocket(PlainSocketFactory.java:121)&#13;&#10;&#9;at org.apache.http.impl.conn.DefaultClientConnectionOperator.openConnection(DefaultClientConnectionOperator.java:180)&#13;&#10;&#9;at org.apache.http.impl.conn.ManagedClientConnectionImpl.open(ManagedClientConnectionImpl.java:326)&#13;&#10;&#9;at org.apache.http.impl.client.DefaultRequestDirector.tryConnect(DefaultRequestDirector.java:610)&#13;&#10;&#9;at org.apache.http.impl.client.DefaultRequestDirector.execute(DefaultRequestDirector.java:445)&#13;&#10;&#9;at org.apache.http.impl.client.AbstractHttpClient.doExecute(AbstractHttpClient.java:835)&#13;&#10;&#9;at org.apache.http.impl.client.CloseableHttpClient.execute(CloseableHttpClient.java:83)&#13;&#10;&#9;at org.apache.http.impl.client.CloseableHttpClient.execute(CloseableHttpClient.java:56)&#13;&#10;&#9;at org.apache.http.client.HttpClient$execute$0.call(Unknown Source)&#13;&#10;&#9;at org.codehaus.groovy.runtime.callsite.CallSiteArray.defaultCall(CallSiteArray.java:47)&#13;&#10;&#9;at org.codehaus.groovy.runtime.callsite.AbstractCallSite.call(AbstractCallSite.java:115)&#13;&#10;&#9;at org.codehaus.groovy.runtime.callsite.AbstractCallSite.call(AbstractCallSite.java:135)&#13;&#10;&#9;at io.restassured.internal.RequestSpecificationImpl$RestAssuredHttpBuilder.doRequest(RequestSpecificationImpl.groovy:2055)&#13;&#10;&#9;at io.restassured.internal.http.HTTPBuilder.post(HTTPBuilder.java:349)&#13;&#10;&#9;at io.restassured.internal.http.HTTPBuilder$post$2.call(Unknown Source)&#13;&#10;&#9;at org.codehaus.groovy.runtime.callsite.CallSiteArray.defaultCall(CallSiteArray.java:47)&#13;&#10;&#9;at org.codehaus.groovy.runtime.callsite.AbstractCallSite.call(AbstractCallSite.java:115)&#13;&#10;&#9;at org.codehaus.groovy.runtime.callsite.AbstractCallSite.call(AbstractCallSite.java:135)&#13;&#10;&#9;at io.restassured.internal.RequestSpecificationImpl.sendRequest(RequestSpecificationImpl.groovy:1181)&#13;&#10;&#9;at sun.reflect.NativeMethodAccessorImpl.invoke0(Native Method)&#13;&#10;&#9;at sun.reflect.NativeMethodAccessorImpl.invoke(Unknown Source)&#13;&#10;&#9;at sun.reflect.DelegatingMethodAccessorImpl.invoke(Unknown Source)&#13;&#10;&#9;at java.lang.reflect.Method.invoke(Unknown Source)&#13;&#10;&#9;at org.codehaus.groovy.reflection.CachedMethod.invoke(CachedMethod.java:101)&#13;&#10;&#9;at groovy.lang.MetaMethod.doMethodInvoke(MetaMethod.java:323)&#13;&#10;&#9;at groovy.lang.MetaClassImpl.invokeMethod(MetaClassImpl.java:1217)&#13;&#10;&#9;at groovy.lang.MetaClassImpl.invokeMethod(MetaClassImpl.java:1041)&#13;&#10;&#9;at groovy.lang.MetaClassImpl.invokeMethod(MetaClassImpl.java:821)&#13;&#10;&#9;at io.restassured.internal.RequestSpecificationImpl.invokeMethod(RequestSpecificationImpl.groovy)&#13;&#10;&#9;at org.codehaus.groovy.runtime.callsite.PogoInterceptableSite.call(PogoInterceptableSite.java:45)&#13;&#10;&#9;at org.codehaus.groovy.runtime.callsite.CallSiteArray.defaultCall(CallSiteArray.java:47)&#13;&#10;&#9;at org.codehaus.groovy.runtime.callsite.AbstractCallSite.call(AbstractCallSite.java:115)&#13;&#10;&#9;at org.codehaus.groovy.runtime.callsite.AbstractCallSite.call(AbstractCallSite.java:151)&#13;&#10;&#9;at io.restassured.internal.filter.SendRequestFilter.filter(SendRequestFilter.groovy:30)&#13;&#10;&#9;at io.restassured.filter.Filter$filter$0.call(Unknown Source)&#13;&#10;&#9;at org.codehaus.groovy.runtime.callsite.CallSiteArray.defaultCall(CallSiteArray.java:47)&#13;&#10;&#9;at io.restassured.filter.Filter$filter.call(Unknown Source)&#13;&#10;&#9;at io.restassured.internal.filter.FilterContextImpl.next(FilterContextImpl.groovy:72)&#13;&#10;&#9;at io.restassured.filter.time.TimingFilter.filter(TimingFilter.java:56)&#13;&#10;&#9;at io.restassured.filter.Filter$filter.call(Unknown Source)&#13;&#10;&#9;at org.codehaus.groovy.runtime.callsite.CallSiteArray.defaultCall(CallSiteArray.java:47)&#13;&#10;&#9;at org.codehaus.groovy.runtime.callsite.AbstractCallSite.call(AbstractCallSite.java:115)&#13;&#10;&#9;at org.codehaus.groovy.runtime.callsite.AbstractCallSite.call(AbstractCallSite.java:143)&#13;&#10;&#9;at io.restassured.internal.filter.FilterContextImpl.next(FilterContextImpl.groovy:72)&#13;&#10;&#9;at io.restassured.filter.FilterContext$next.call(Unknown Source)&#13;&#10;&#9;at org.codehaus.groovy.runtime.callsite.CallSiteArray.defaultCall(CallSiteArray.java:47)&#13;&#10;&#9;at org.codehaus.groovy.runtime.callsite.AbstractCallSite.call(AbstractCallSite.java:115)&#13;&#10;&#9;at org.codehaus.groovy.runtime.callsite.AbstractCallSite.call(AbstractCallSite.java:135)&#13;&#10;&#9;at io.restassured.internal.RequestSpecificationImpl.applyPathParamsAndSendRequest(RequestSpecificationImpl.groovy:1655)&#13;&#10;&#9;at sun.reflect.NativeMethodAccessorImpl.invoke0(Native Method)&#13;&#10;&#9;at sun.reflect.NativeMethodAccessorImpl.invoke(Unknown Source)&#13;&#10;&#9;at sun.reflect.DelegatingMethodAccessorImpl.invoke(Unknown Source)&#13;&#10;&#9;at java.lang.reflect.Method.invoke(Unknown Source)&#13;&#10;&#9;at org.codehaus.groovy.reflection.CachedMethod.invoke(CachedMethod.java:101)&#13;&#10;&#9;at groovy.lang.MetaMethod.doMethodInvoke(MetaMethod.java:323)&#13;&#10;&#9;at groovy.lang.MetaClassImpl.invokeMethod(MetaClassImpl.java:1217)&#13;&#10;&#9;at groovy.lang.MetaClassImpl.invokeMethod(MetaClassImpl.java:1041)&#13;&#10;&#9;at groovy.lang.MetaClassImpl.invokeMethod(MetaClassImpl.java:821)&#13;&#10;&#9;at io.restassured.internal.RequestSpecificationImpl.invokeMethod(RequestSpecificationImpl.groovy)&#13;&#10;&#9;at org.codehaus.groovy.runtime.callsite.PogoInterceptableSite.call(PogoInterceptableSite.java:45)&#13;&#10;&#9;at org.codehaus.groovy.runtime.callsite.PogoInterceptableSite.callCurrent(PogoInterceptableSite.java:55)&#13;&#10;&#9;at org.codehaus.groovy.runtime.callsite.CallSiteArray.defaultCallCurrent(CallSiteArray.java:51)&#13;&#10;&#9;at org.codehaus.groovy.runtime.callsite.AbstractCallSite.callCurrent(AbstractCallSite.java:156)&#13;&#10;&#9;at org.codehaus.groovy.runtime.callsite.AbstractCallSite.callCurrent(AbstractCallSite.java:184)&#13;&#10;&#9;at io.restassured.internal.RequestSpecificationImpl.applyPathParamsAndSendRequest(RequestSpecificationImpl.groovy:1661)&#13;&#10;&#9;at sun.reflect.NativeMethodAccessorImpl.invoke0(Native Method)&#13;&#10;&#9;at sun.reflect.NativeMethodAccessorImpl.invoke(Unknown Source)&#13;&#10;&#9;at sun.reflect.DelegatingMethodAccessorImpl.invoke(Unknown Source)&#13;&#10;&#9;at java.lang.reflect.Method.invoke(Unknown Source)&#13;&#10;&#9;at org.codehaus.groovy.reflection.CachedMethod.invoke(CachedMethod.java:101)&#13;&#10;&#9;at groovy.lang.MetaMethod.doMethodInvoke(MetaMethod.java:323)&#13;&#10;&#9;at groovy.lang.MetaClassImpl.invokeMethod(MetaClassImpl.java:1217)&#13;&#10;&#9;at groovy.lang.MetaClassImpl.invokeMethod(MetaClassImpl.java:1041)&#13;&#10;&#9;at groovy.lang.MetaClassImpl.invokeMethod(MetaClassImpl.java:821)&#13;&#10;&#9;at io.restassured.internal.RequestSpecificationImpl.invokeMethod(RequestSpecificationImpl.groovy)&#13;&#10;&#9;at org.codehaus.groovy.runtime.callsite.PogoInterceptableSite.call(PogoInterceptableSite.java:45)&#13;&#10;&#9;at org.codehaus.groovy.runtime.callsite.PogoInterceptableSite.callCurrent(PogoInterceptableSite.java:55)&#13;&#10;&#9;at org.codehaus.groovy.runtime.callsite.CallSiteArray.defaultCallCurrent(CallSiteArray.java:51)&#13;&#10;&#9;at org.codehaus.groovy.runtime.callsite.AbstractCallSite.callCurrent(AbstractCallSite.java:156)&#13;&#10;&#9;at org.codehaus.groovy.runtime.callsite.AbstractCallSite.callCurrent(AbstractCallSite.java:184)&#13;&#10;&#9;at io.restassured.internal.RequestSpecificationImpl.post(RequestSpecificationImpl.groovy:175)&#13;&#10;&#9;at io.restassured.internal.RequestSpecificationImpl.post(RequestSpecificationImpl.groovy)&#13;&#10;&#9;at equifax.training.util.Util.POSTRes(Util.java:49)&#13;&#10;&#9;at StepDefinitions.BookStepDefinition.Create_Book_entry(BookStepDefinition.java:36)&#13;&#10;&#9;at ✽.Given Create Book entry with &quot;Ram&quot;,&quot;1&quot;,&quot;1&quot;,&quot;authorone&quot;,&quot;publishertee&quot;,&quot;Action&quot;,&quot;200&quot;,&quot;200&quot;(C:/Users/Suresh/eclipse-workspace/RestAssuredFramework/src/test/java/Features/GetBook.feature:6)&#13;&#10;"><![CDATA[Given Create Book entry with "Ram","1","1","authorone","publishertee","Action","200","200".failed
Then Get the book details using Book id.....................................skipped
Then Get the book details using Publisher id................................skipped
Then Get the book details using Author id...................................skipped

StackTrace:
java.net.ConnectException: Connection refused: connect
	at java.net.DualStackPlainSocketImpl.connect0(Native Method)
	at java.net.DualStackPlainSocketImpl.socketConnect(Unknown Source)
	at java.net.AbstractPlainSocketImpl.doConnect(Unknown Source)
	at java.net.AbstractPlainSocketImpl.connectToAddress(Unknown Source)
	at java.net.AbstractPlainSocketImpl.connect(Unknown Source)
	at java.net.PlainSocketImpl.connect(Unknown Source)
	at java.net.SocksSocketImpl.connect(Unknown Source)
	at java.net.Socket.connect(Unknown Source)
	at org.apache.http.conn.scheme.PlainSocketFactory.connectSocket(PlainSocketFactory.java:121)
	at org.apache.http.impl.conn.DefaultClientConnectionOperator.openConnection(DefaultClientConnectionOperator.java:180)
	at org.apache.http.impl.conn.ManagedClientConnectionImpl.open(ManagedClientConnectionImpl.java:326)
	at org.apache.http.impl.client.DefaultRequestDirector.tryConnect(DefaultRequestDirector.java:610)
	at org.apache.http.impl.client.DefaultRequestDirector.execute(DefaultRequestDirector.java:445)
	at org.apache.http.impl.client.AbstractHttpClient.doExecute(AbstractHttpClient.java:835)
	at org.apache.http.impl.client.CloseableHttpClient.execute(CloseableHttpClient.java:83)
	at org.apache.http.impl.client.CloseableHttpClient.execute(CloseableHttpClient.java:56)
	at org.apache.http.client.HttpClient$execute$0.call(Unknown Source)
	at org.codehaus.groovy.runtime.callsite.CallSiteArray.defaultCall(CallSiteArray.java:47)
	at org.codehaus.groovy.runtime.callsite.AbstractCallSite.call(AbstractCallSite.java:115)
	at org.codehaus.groovy.runtime.callsite.AbstractCallSite.call(AbstractCallSite.java:135)
	at io.restassured.internal.RequestSpecificationImpl$RestAssuredHttpBuilder.doRequest(RequestSpecificationImpl.groovy:2055)
	at io.restassured.internal.http.HTTPBuilder.post(HTTPBuilder.java:349)
	at io.restassured.internal.http.HTTPBuilder$post$2.call(Unknown Source)
	at org.codehaus.groovy.runtime.callsite.CallSiteArray.defaultCall(CallSiteArray.java:47)
	at org.codehaus.groovy.runtime.callsite.AbstractCallSite.call(AbstractCallSite.java:115)
	at org.codehaus.groovy.runtime.callsite.AbstractCallSite.call(AbstractCallSite.java:135)
	at io.restassured.internal.RequestSpecificationImpl.sendRequest(RequestSpecificationImpl.groovy:1181)
	at sun.reflect.NativeMethodAccessorImpl.invoke0(Native Method)
	at sun.reflect.NativeMethodAccessorImpl.invoke(Unknown Source)
	at sun.reflect.DelegatingMethodAccessorImpl.invoke(Unknown Source)
	at java.lang.reflect.Method.invoke(Unknown Source)
	at org.codehaus.groovy.reflection.CachedMethod.invoke(CachedMethod.java:101)
	at groovy.lang.MetaMethod.doMethodInvoke(MetaMethod.java:323)
	at groovy.lang.MetaClassImpl.invokeMethod(MetaClassImpl.java:1217)
	at groovy.lang.MetaClassImpl.invokeMethod(MetaClassImpl.java:1041)
	at groovy.lang.MetaClassImpl.invokeMethod(MetaClassImpl.java:821)
	at io.restassured.internal.RequestSpecificationImpl.invokeMethod(RequestSpecificationImpl.groovy)
	at org.codehaus.groovy.runtime.callsite.PogoInterceptableSite.call(PogoInterceptableSite.java:45)
	at org.codehaus.groovy.runtime.callsite.CallSiteArray.defaultCall(CallSiteArray.java:47)
	at org.codehaus.groovy.runtime.callsite.AbstractCallSite.call(AbstractCallSite.java:115)
	at org.codehaus.groovy.runtime.callsite.AbstractCallSite.call(AbstractCallSite.java:151)
	at io.restassured.internal.filter.SendRequestFilter.filter(SendRequestFilter.groovy:30)
	at io.restassured.filter.Filter$filter$0.call(Unknown Source)
	at org.codehaus.groovy.runtime.callsite.CallSiteArray.defaultCall(CallSiteArray.java:47)
	at io.restassured.filter.Filter$filter.call(Unknown Source)
	at io.restassured.internal.filter.FilterContextImpl.next(FilterContextImpl.groovy:72)
	at io.restassured.filter.time.TimingFilter.filter(TimingFilter.java:56)
	at io.restassured.filter.Filter$filter.call(Unknown Source)
	at org.codehaus.groovy.runtime.callsite.CallSiteArray.defaultCall(CallSiteArray.java:47)
	at org.codehaus.groovy.runtime.callsite.AbstractCallSite.call(AbstractCallSite.java:115)
	at org.codehaus.groovy.runtime.callsite.AbstractCallSite.call(AbstractCallSite.java:143)
	at io.restassured.internal.filter.FilterContextImpl.next(FilterContextImpl.groovy:72)
	at io.restassured.filter.FilterContext$next.call(Unknown Source)
	at org.codehaus.groovy.runtime.callsite.CallSiteArray.defaultCall(CallSiteArray.java:47)
	at org.codehaus.groovy.runtime.callsite.AbstractCallSite.call(AbstractCallSite.java:115)
	at org.codehaus.groovy.runtime.callsite.AbstractCallSite.call(AbstractCallSite.java:135)
	at io.restassured.internal.RequestSpecificationImpl.applyPathParamsAndSendRequest(RequestSpecificationImpl.groovy:1655)
	at sun.reflect.NativeMethodAccessorImpl.invoke0(Native Method)
	at sun.reflect.NativeMethodAccessorImpl.invoke(Unknown Source)
	at sun.reflect.DelegatingMethodAccessorImpl.invoke(Unknown Source)
	at java.lang.reflect.Method.invoke(Unknown Source)
	at org.codehaus.groovy.reflection.CachedMethod.invoke(CachedMethod.java:101)
	at groovy.lang.MetaMethod.doMethodInvoke(MetaMethod.java:323)
	at groovy.lang.MetaClassImpl.invokeMethod(MetaClassImpl.java:1217)
	at groovy.lang.MetaClassImpl.invokeMethod(MetaClassImpl.java:1041)
	at groovy.lang.MetaClassImpl.invokeMethod(MetaClassImpl.java:821)
	at io.restassured.internal.RequestSpecificationImpl.invokeMethod(RequestSpecificationImpl.groovy)
	at org.codehaus.groovy.runtime.callsite.PogoInterceptableSite.call(PogoInterceptableSite.java:45)
	at org.codehaus.groovy.runtime.callsite.PogoInterceptableSite.callCurrent(PogoInterceptableSite.java:55)
	at org.codehaus.groovy.runtime.callsite.CallSiteArray.defaultCallCurrent(CallSiteArray.java:51)
	at org.codehaus.groovy.runtime.callsite.AbstractCallSite.callCurrent(AbstractCallSite.java:156)
	at org.codehaus.groovy.runtime.callsite.AbstractCallSite.callCurrent(AbstractCallSite.java:184)
	at io.restassured.internal.RequestSpecificationImpl.applyPathParamsAndSendRequest(RequestSpecificationImpl.groovy:1661)
	at sun.reflect.NativeMethodAccessorImpl.invoke0(Native Method)
	at sun.reflect.NativeMethodAccessorImpl.invoke(Unknown Source)
	at sun.reflect.DelegatingMethodAccessorImpl.invoke(Unknown Source)
	at java.lang.reflect.Method.invoke(Unknown Source)
	at org.codehaus.groovy.reflection.CachedMethod.invoke(CachedMethod.java:101)
	at groovy.lang.MetaMethod.doMethodInvoke(MetaMethod.java:323)
	at groovy.lang.MetaClassImpl.invokeMethod(MetaClassImpl.java:1217)
	at groovy.lang.MetaClassImpl.invokeMethod(MetaClassImpl.java:1041)
	at groovy.lang.MetaClassImpl.invokeMethod(MetaClassImpl.java:821)
	at io.restassured.internal.RequestSpecificationImpl.invokeMethod(RequestSpecificationImpl.groovy)
	at org.codehaus.groovy.runtime.callsite.PogoInterceptableSite.call(PogoInterceptableSite.java:45)
	at org.codehaus.groovy.runtime.callsite.PogoInterceptableSite.callCurrent(PogoInterceptableSite.java:55)
	at org.codehaus.groovy.runtime.callsite.CallSiteArray.defaultCallCurrent(CallSiteArray.java:51)
	at org.codehaus.groovy.runtime.callsite.AbstractCallSite.callCurrent(AbstractCallSite.java:156)
	at org.codehaus.groovy.runtime.callsite.AbstractCallSite.callCurrent(AbstractCallSite.java:184)
	at io.restassured.internal.RequestSpecificationImpl.post(RequestSpecificationImpl.groovy:175)
	at io.restassured.internal.RequestSpecificationImpl.post(RequestSpecificationImpl.groovy)
	at equifax.training.util.Util.POSTRes(Util.java:49)
	at StepDefinitions.BookStepDefinition.Create_Book_entry(BookStepDefinition.java:36)
	at ✽.Given Create Book entry with "Ram","1","1","authorone","publishertee","Action","200","200"(C:/Users/Suresh/eclipse-workspace/RestAssuredFramework/src/test/java/Features/GetBook.feature:6)
]]></failure>
</testcase>
<testcase classname="Library Management" name="Get Book Details by id 2" time="4.051071">
<failure message="java.net.ConnectException: Connection refused: connect&#13;&#10;&#9;at java.net.DualStackPlainSocketImpl.connect0(Native Method)&#13;&#10;&#9;at java.net.DualStackPlainSocketImpl.socketConnect(Unknown Source)&#13;&#10;&#9;at java.net.AbstractPlainSocketImpl.doConnect(Unknown Source)&#13;&#10;&#9;at java.net.AbstractPlainSocketImpl.connectToAddress(Unknown Source)&#13;&#10;&#9;at java.net.AbstractPlainSocketImpl.connect(Unknown Source)&#13;&#10;&#9;at java.net.PlainSocketImpl.connect(Unknown Source)&#13;&#10;&#9;at java.net.SocksSocketImpl.connect(Unknown Source)&#13;&#10;&#9;at java.net.Socket.connect(Unknown Source)&#13;&#10;&#9;at org.apache.http.conn.scheme.PlainSocketFactory.connectSocket(PlainSocketFactory.java:121)&#13;&#10;&#9;at org.apache.http.impl.conn.DefaultClientConnectionOperator.openConnection(DefaultClientConnectionOperator.java:180)&#13;&#10;&#9;at org.apache.http.impl.conn.ManagedClientConnectionImpl.open(ManagedClientConnectionImpl.java:326)&#13;&#10;&#9;at org.apache.http.impl.client.DefaultRequestDirector.tryConnect(DefaultRequestDirector.java:610)&#13;&#10;&#9;at org.apache.http.impl.client.DefaultRequestDirector.execute(DefaultRequestDirector.java:445)&#13;&#10;&#9;at org.apache.http.impl.client.AbstractHttpClient.doExecute(AbstractHttpClient.java:835)&#13;&#10;&#9;at org.apache.http.impl.client.CloseableHttpClient.execute(CloseableHttpClient.java:83)&#13;&#10;&#9;at org.apache.http.impl.client.CloseableHttpClient.execute(CloseableHttpClient.java:56)&#13;&#10;&#9;at org.apache.http.client.HttpClient$execute$0.call(Unknown Source)&#13;&#10;&#9;at io.restassured.internal.RequestSpecificationImpl$RestAssuredHttpBuilder.doRequest(RequestSpecificationImpl.groovy:2055)&#13;&#10;&#9;at io.restassured.internal.http.HTTPBuilder.post(HTTPBuilder.java:349)&#13;&#10;&#9;at io.restassured.internal.http.HTTPBuilder$post$2.call(Unknown Source)&#13;&#10;&#9;at io.restassured.internal.RequestSpecificationImpl.sendRequest(RequestSpecificationImpl.groovy:1181)&#13;&#10;&#9;at sun.reflect.NativeMethodAccessorImpl.invoke0(Native Method)&#13;&#10;&#9;at sun.reflect.NativeMethodAccessorImpl.invoke(Unknown Source)&#13;&#10;&#9;at sun.reflect.DelegatingMethodAccessorImpl.invoke(Unknown Source)&#13;&#10;&#9;at java.lang.reflect.Method.invoke(Unknown Source)&#13;&#10;&#9;at org.codehaus.groovy.reflection.CachedMethod.invoke(CachedMethod.java:101)&#13;&#10;&#9;at groovy.lang.MetaMethod.doMethodInvoke(MetaMethod.java:323)&#13;&#10;&#9;at groovy.lang.MetaClassImpl.invokeMethod(MetaClassImpl.java:1217)&#13;&#10;&#9;at groovy.lang.MetaClassImpl.invokeMethod(MetaClassImpl.java:1041)&#13;&#10;&#9;at groovy.lang.MetaClassImpl.invokeMethod(MetaClassImpl.java:821)&#13;&#10;&#9;at io.restassured.internal.RequestSpecificationImpl.invokeMethod(RequestSpecificationImpl.groovy)&#13;&#10;&#9;at org.codehaus.groovy.runtime.callsite.PogoInterceptableSite.call(PogoInterceptableSite.java:45)&#13;&#10;&#9;at org.codehaus.groovy.runtime.callsite.AbstractCallSite.call(AbstractCallSite.java:151)&#13;&#10;&#9;at io.restassured.internal.filter.SendRequestFilter.filter(SendRequestFilter.groovy:30)&#13;&#10;&#9;at io.restassured.filter.Filter$filter$0.call(Unknown Source)&#13;&#10;&#9;at org.codehaus.groovy.runtime.callsite.CallSiteArray.defaultCall(CallSiteArray.java:47)&#13;&#10;&#9;at io.restassured.filter.Filter$filter.call(Unknown Source)&#13;&#10;&#9;at io.restassured.internal.filter.FilterContextImpl.next(FilterContextImpl.groovy:72)&#13;&#10;&#9;at io.restassured.filter.time.TimingFilter.filter(TimingFilter.java:56)&#13;&#10;&#9;at io.restassured.filter.Filter$filter.call(Unknown Source)&#13;&#10;&#9;at org.codehaus.groovy.runtime.callsite.CallSiteArray.defaultCall(CallSiteArray.java:47)&#13;&#10;&#9;at io.restassured.filter.Filter$filter$0.call(Unknown Source)&#13;&#10;&#9;at io.restassured.internal.filter.FilterContextImpl.next(FilterContextImpl.groovy:72)&#13;&#10;&#9;at io.restassured.filter.FilterContext$next.call(Unknown Source)&#13;&#10;&#9;at io.restassured.internal.RequestSpecificationImpl.applyPathParamsAndSendRequest(RequestSpecificationImpl.groovy:1655)&#13;&#10;&#9;at sun.reflect.NativeMethodAccessorImpl.invoke0(Native Method)&#13;&#10;&#9;at sun.reflect.NativeMethodAccessorImpl.invoke(Unknown Source)&#13;&#10;&#9;at sun.reflect.DelegatingMethodAccessorImpl.invoke(Unknown Source)&#13;&#10;&#9;at java.lang.reflect.Method.invoke(Unknown Source)&#13;&#10;&#9;at org.codehaus.groovy.reflection.CachedMethod.invoke(CachedMethod.java:101)&#13;&#10;&#9;at groovy.lang.MetaMethod.doMethodInvoke(MetaMethod.java:323)&#13;&#10;&#9;at groovy.lang.MetaClassImpl.invokeMethod(MetaClassImpl.java:1217)&#13;&#10;&#9;at groovy.lang.MetaClassImpl.invokeMethod(MetaClassImpl.java:1041)&#13;&#10;&#9;at groovy.lang.MetaClassImpl.invokeMethod(MetaClassImpl.java:821)&#13;&#10;&#9;at io.restassured.internal.RequestSpecificationImpl.invokeMethod(RequestSpecificationImpl.groovy)&#13;&#10;&#9;at org.codehaus.groovy.runtime.callsite.PogoInterceptableSite.call(PogoInterceptableSite.java:45)&#13;&#10;&#9;at org.codehaus.groovy.runtime.callsite.PogoInterceptableSite.callCurrent(PogoInterceptableSite.java:55)&#13;&#10;&#9;at org.codehaus.groovy.runtime.callsite.AbstractCallSite.callCurrent(AbstractCallSite.java:184)&#13;&#10;&#9;at io.restassured.internal.RequestSpecificationImpl.applyPathParamsAndSendRequest(RequestSpecificationImpl.groovy:1661)&#13;&#10;&#9;at sun.reflect.NativeMethodAccessorImpl.invoke0(Native Method)&#13;&#10;&#9;at sun.reflect.NativeMethodAccessorImpl.invoke(Unknown Source)&#13;&#10;&#9;at sun.reflect.DelegatingMethodAccessorImpl.invoke(Unknown Source)&#13;&#10;&#9;at java.lang.reflect.Method.invoke(Unknown Source)&#13;&#10;&#9;at org.codehaus.groovy.reflection.CachedMethod.invoke(CachedMethod.java:101)&#13;&#10;&#9;at groovy.lang.MetaMethod.doMethodInvoke(MetaMethod.java:323)&#13;&#10;&#9;at groovy.lang.MetaClassImpl.invokeMethod(MetaClassImpl.java:1217)&#13;&#10;&#9;at groovy.lang.MetaClassImpl.invokeMethod(MetaClassImpl.java:1041)&#13;&#10;&#9;at groovy.lang.MetaClassImpl.invokeMethod(MetaClassImpl.java:821)&#13;&#10;&#9;at io.restassured.internal.RequestSpecificationImpl.invokeMethod(RequestSpecificationImpl.groovy)&#13;&#10;&#9;at org.codehaus.groovy.runtime.callsite.PogoInterceptableSite.call(PogoInterceptableSite.java:45)&#13;&#10;&#9;at org.codehaus.groovy.runtime.callsite.PogoInterceptableSite.callCurrent(PogoInterceptableSite.java:55)&#13;&#10;&#9;at org.codehaus.groovy.runtime.callsite.AbstractCallSite.callCurrent(AbstractCallSite.java:184)&#13;&#10;&#9;at io.restassured.internal.RequestSpecificationImpl.post(RequestSpecificationImpl.groovy:175)&#13;&#10;&#9;at io.restassured.internal.RequestSpecificationImpl.post(RequestSpecificationImpl.groovy)&#13;&#10;&#9;at equifax.training.util.Util.POSTRes(Util.java:49)&#13;&#10;&#9;at StepDefinitions.BookStepDefinition.Create_Book_entry(BookStepDefinition.java:36)&#13;&#10;&#9;at ✽.Given Create Book entry with &quot;Suresh&quot;,&quot;2&quot;,&quot;2&quot;,&quot;authortwo&quot;,&quot;publishertaa&quot;,&quot;Action&quot;,&quot;200&quot;,&quot;200&quot;(C:/Users/Suresh/eclipse-workspace/RestAssuredFramework/src/test/java/Features/GetBook.feature:6)&#13;&#10;"><![CDATA[Given Create Book entry with "Suresh","2","2","authortwo","publishertaa","Action","200","200".failed
Then Get the book details using Book id.....................................skipped
Then Get the book details using Publisher id................................skipped
Then Get the book details using Author id...................................skipped

StackTrace:
java.net.ConnectException: Connection refused: connect
	at java.net.DualStackPlainSocketImpl.connect0(Native Method)
	at java.net.DualStackPlainSocketImpl.socketConnect(Unknown Source)
	at java.net.AbstractPlainSocketImpl.doConnect(Unknown Source)
	at java.net.AbstractPlainSocketImpl.connectToAddress(Unknown Source)
	at java.net.AbstractPlainSocketImpl.connect(Unknown Source)
	at java.net.PlainSocketImpl.connect(Unknown Source)
	at java.net.SocksSocketImpl.connect(Unknown Source)
	at java.net.Socket.connect(Unknown Source)
	at org.apache.http.conn.scheme.PlainSocketFactory.connectSocket(PlainSocketFactory.java:121)
	at org.apache.http.impl.conn.DefaultClientConnectionOperator.openConnection(DefaultClientConnectionOperator.java:180)
	at org.apache.http.impl.conn.ManagedClientConnectionImpl.open(ManagedClientConnectionImpl.java:326)
	at org.apache.http.impl.client.DefaultRequestDirector.tryConnect(DefaultRequestDirector.java:610)
	at org.apache.http.impl.client.DefaultRequestDirector.execute(DefaultRequestDirector.java:445)
	at org.apache.http.impl.client.AbstractHttpClient.doExecute(AbstractHttpClient.java:835)
	at org.apache.http.impl.client.CloseableHttpClient.execute(CloseableHttpClient.java:83)
	at org.apache.http.impl.client.CloseableHttpClient.execute(CloseableHttpClient.java:56)
	at org.apache.http.client.HttpClient$execute$0.call(Unknown Source)
	at io.restassured.internal.RequestSpecificationImpl$RestAssuredHttpBuilder.doRequest(RequestSpecificationImpl.groovy:2055)
	at io.restassured.internal.http.HTTPBuilder.post(HTTPBuilder.java:349)
	at io.restassured.internal.http.HTTPBuilder$post$2.call(Unknown Source)
	at io.restassured.internal.RequestSpecificationImpl.sendRequest(RequestSpecificationImpl.groovy:1181)
	at sun.reflect.NativeMethodAccessorImpl.invoke0(Native Method)
	at sun.reflect.NativeMethodAccessorImpl.invoke(Unknown Source)
	at sun.reflect.DelegatingMethodAccessorImpl.invoke(Unknown Source)
	at java.lang.reflect.Method.invoke(Unknown Source)
	at org.codehaus.groovy.reflection.CachedMethod.invoke(CachedMethod.java:101)
	at groovy.lang.MetaMethod.doMethodInvoke(MetaMethod.java:323)
	at groovy.lang.MetaClassImpl.invokeMethod(MetaClassImpl.java:1217)
	at groovy.lang.MetaClassImpl.invokeMethod(MetaClassImpl.java:1041)
	at groovy.lang.MetaClassImpl.invokeMethod(MetaClassImpl.java:821)
	at io.restassured.internal.RequestSpecificationImpl.invokeMethod(RequestSpecificationImpl.groovy)
	at org.codehaus.groovy.runtime.callsite.PogoInterceptableSite.call(PogoInterceptableSite.java:45)
	at org.codehaus.groovy.runtime.callsite.AbstractCallSite.call(AbstractCallSite.java:151)
	at io.restassured.internal.filter.SendRequestFilter.filter(SendRequestFilter.groovy:30)
	at io.restassured.filter.Filter$filter$0.call(Unknown Source)
	at org.codehaus.groovy.runtime.callsite.CallSiteArray.defaultCall(CallSiteArray.java:47)
	at io.restassured.filter.Filter$filter.call(Unknown Source)
	at io.restassured.internal.filter.FilterContextImpl.next(FilterContextImpl.groovy:72)
	at io.restassured.filter.time.TimingFilter.filter(TimingFilter.java:56)
	at io.restassured.filter.Filter$filter.call(Unknown Source)
	at org.codehaus.groovy.runtime.callsite.CallSiteArray.defaultCall(CallSiteArray.java:47)
	at io.restassured.filter.Filter$filter$0.call(Unknown Source)
	at io.restassured.internal.filter.FilterContextImpl.next(FilterContextImpl.groovy:72)
	at io.restassured.filter.FilterContext$next.call(Unknown Source)
	at io.restassured.internal.RequestSpecificationImpl.applyPathParamsAndSendRequest(RequestSpecificationImpl.groovy:1655)
	at sun.reflect.NativeMethodAccessorImpl.invoke0(Native Method)
	at sun.reflect.NativeMethodAccessorImpl.invoke(Unknown Source)
	at sun.reflect.DelegatingMethodAccessorImpl.invoke(Unknown Source)
	at java.lang.reflect.Method.invoke(Unknown Source)
	at org.codehaus.groovy.reflection.CachedMethod.invoke(CachedMethod.java:101)
	at groovy.lang.MetaMethod.doMethodInvoke(MetaMethod.java:323)
	at groovy.lang.MetaClassImpl.invokeMethod(MetaClassImpl.java:1217)
	at groovy.lang.MetaClassImpl.invokeMethod(MetaClassImpl.java:1041)
	at groovy.lang.MetaClassImpl.invokeMethod(MetaClassImpl.java:821)
	at io.restassured.internal.RequestSpecificationImpl.invokeMethod(RequestSpecificationImpl.groovy)
	at org.codehaus.groovy.runtime.callsite.PogoInterceptableSite.call(PogoInterceptableSite.java:45)
	at org.codehaus.groovy.runtime.callsite.PogoInterceptableSite.callCurrent(PogoInterceptableSite.java:55)
	at org.codehaus.groovy.runtime.callsite.AbstractCallSite.callCurrent(AbstractCallSite.java:184)
	at io.restassured.internal.RequestSpecificationImpl.applyPathParamsAndSendRequest(RequestSpecificationImpl.groovy:1661)
	at sun.reflect.NativeMethodAccessorImpl.invoke0(Native Method)
	at sun.reflect.NativeMethodAccessorImpl.invoke(Unknown Source)
	at sun.reflect.DelegatingMethodAccessorImpl.invoke(Unknown Source)
	at java.lang.reflect.Method.invoke(Unknown Source)
	at org.codehaus.groovy.reflection.CachedMethod.invoke(CachedMethod.java:101)
	at groovy.lang.MetaMethod.doMethodInvoke(MetaMethod.java:323)
	at groovy.lang.MetaClassImpl.invokeMethod(MetaClassImpl.java:1217)
	at groovy.lang.MetaClassImpl.invokeMethod(MetaClassImpl.java:1041)
	at groovy.lang.MetaClassImpl.invokeMethod(MetaClassImpl.java:821)
	at io.restassured.internal.RequestSpecificationImpl.invokeMethod(RequestSpecificationImpl.groovy)
	at org.codehaus.groovy.runtime.callsite.PogoInterceptableSite.call(PogoInterceptableSite.java:45)
	at org.codehaus.groovy.runtime.callsite.PogoInterceptableSite.callCurrent(PogoInterceptableSite.java:55)
	at org.codehaus.groovy.runtime.callsite.AbstractCallSite.callCurrent(AbstractCallSite.java:184)
	at io.restassured.internal.RequestSpecificationImpl.post(RequestSpecificationImpl.groovy:175)
	at io.restassured.internal.RequestSpecificationImpl.post(RequestSpecificationImpl.groovy)
	at equifax.training.util.Util.POSTRes(Util.java:49)
	at StepDefinitions.BookStepDefinition.Create_Book_entry(BookStepDefinition.java:36)
	at ✽.Given Create Book entry with "Suresh","2","2","authortwo","publishertaa","Action","200","200"(C:/Users/Suresh/eclipse-workspace/RestAssuredFramework/src/test/java/Features/GetBook.feature:6)
]]></failure>
</testcase>
<testcase classname="Library Management" name="Create Publisher entry" time="4.037875">
<failure message="java.net.ConnectException: Connection refused: connect&#13;&#10;&#9;at java.net.DualStackPlainSocketImpl.connect0(Native Method)&#13;&#10;&#9;at java.net.DualStackPlainSocketImpl.socketConnect(Unknown Source)&#13;&#10;&#9;at java.net.AbstractPlainSocketImpl.doConnect(Unknown Source)&#13;&#10;&#9;at java.net.AbstractPlainSocketImpl.connectToAddress(Unknown Source)&#13;&#10;&#9;at java.net.AbstractPlainSocketImpl.connect(Unknown Source)&#13;&#10;&#9;at java.net.PlainSocketImpl.connect(Unknown Source)&#13;&#10;&#9;at java.net.SocksSocketImpl.connect(Unknown Source)&#13;&#10;&#9;at java.net.Socket.connect(Unknown Source)&#13;&#10;&#9;at org.apache.http.conn.scheme.PlainSocketFactory.connectSocket(PlainSocketFactory.java:121)&#13;&#10;&#9;at org.apache.http.impl.conn.DefaultClientConnectionOperator.openConnection(DefaultClientConnectionOperator.java:180)&#13;&#10;&#9;at org.apache.http.impl.conn.ManagedClientConnectionImpl.open(ManagedClientConnectionImpl.java:326)&#13;&#10;&#9;at org.apache.http.impl.client.DefaultRequestDirector.tryConnect(DefaultRequestDirector.java:610)&#13;&#10;&#9;at org.apache.http.impl.client.DefaultRequestDirector.execute(DefaultRequestDirector.java:445)&#13;&#10;&#9;at org.apache.http.impl.client.AbstractHttpClient.doExecute(AbstractHttpClient.java:835)&#13;&#10;&#9;at org.apache.http.impl.client.CloseableHttpClient.execute(CloseableHttpClient.java:83)&#13;&#10;&#9;at org.apache.http.impl.client.CloseableHttpClient.execute(CloseableHttpClient.java:56)&#13;&#10;&#9;at org.apache.http.client.HttpClient$execute$0.call(Unknown Source)&#13;&#10;&#9;at io.restassured.internal.RequestSpecificationImpl$RestAssuredHttpBuilder.doRequest(RequestSpecificationImpl.groovy:2055)&#13;&#10;&#9;at io.restassured.internal.http.HTTPBuilder.post(HTTPBuilder.java:349)&#13;&#10;&#9;at io.restassured.internal.http.HTTPBuilder$post$2.call(Unknown Source)&#13;&#10;&#9;at io.restassured.internal.RequestSpecificationImpl.sendRequest(RequestSpecificationImpl.groovy:1181)&#13;&#10;&#9;at sun.reflect.NativeMethodAccessorImpl.invoke0(Native Method)&#13;&#10;&#9;at sun.reflect.NativeMethodAccessorImpl.invoke(Unknown Source)&#13;&#10;&#9;at sun.reflect.DelegatingMethodAccessorImpl.invoke(Unknown Source)&#13;&#10;&#9;at java.lang.reflect.Method.invoke(Unknown Source)&#13;&#10;&#9;at org.codehaus.groovy.reflection.CachedMethod.invoke(CachedMethod.java:101)&#13;&#10;&#9;at groovy.lang.MetaMethod.doMethodInvoke(MetaMethod.java:323)&#13;&#10;&#9;at groovy.lang.MetaClassImpl.invokeMethod(MetaClassImpl.java:1217)&#13;&#10;&#9;at groovy.lang.MetaClassImpl.invokeMethod(MetaClassImpl.java:1041)&#13;&#10;&#9;at groovy.lang.MetaClassImpl.invokeMethod(MetaClassImpl.java:821)&#13;&#10;&#9;at io.restassured.internal.RequestSpecificationImpl.invokeMethod(RequestSpecificationImpl.groovy)&#13;&#10;&#9;at org.codehaus.groovy.runtime.callsite.PogoInterceptableSite.call(PogoInterceptableSite.java:45)&#13;&#10;&#9;at org.codehaus.groovy.runtime.callsite.AbstractCallSite.call(AbstractCallSite.java:151)&#13;&#10;&#9;at io.restassured.internal.filter.SendRequestFilter.filter(SendRequestFilter.groovy:30)&#13;&#10;&#9;at io.restassured.filter.Filter$filter$0.call(Unknown Source)&#13;&#10;&#9;at org.codehaus.groovy.runtime.callsite.CallSiteArray.defaultCall(CallSiteArray.java:47)&#13;&#10;&#9;at io.restassured.filter.Filter$filter.call(Unknown Source)&#13;&#10;&#9;at io.restassured.internal.filter.FilterContextImpl.next(FilterContextImpl.groovy:72)&#13;&#10;&#9;at io.restassured.filter.time.TimingFilter.filter(TimingFilter.java:56)&#13;&#10;&#9;at io.restassured.filter.Filter$filter.call(Unknown Source)&#13;&#10;&#9;at org.codehaus.groovy.runtime.callsite.CallSiteArray.defaultCall(CallSiteArray.java:47)&#13;&#10;&#9;at io.restassured.filter.Filter$filter$0.call(Unknown Source)&#13;&#10;&#9;at io.restassured.internal.filter.FilterContextImpl.next(FilterContextImpl.groovy:72)&#13;&#10;&#9;at io.restassured.filter.FilterContext$next.call(Unknown Source)&#13;&#10;&#9;at io.restassured.internal.RequestSpecificationImpl.applyPathParamsAndSendRequest(RequestSpecificationImpl.groovy:1655)&#13;&#10;&#9;at sun.reflect.NativeMethodAccessorImpl.invoke0(Native Method)&#13;&#10;&#9;at sun.reflect.NativeMethodAccessorImpl.invoke(Unknown Source)&#13;&#10;&#9;at sun.reflect.DelegatingMethodAccessorImpl.invoke(Unknown Source)&#13;&#10;&#9;at java.lang.reflect.Method.invoke(Unknown Source)&#13;&#10;&#9;at org.codehaus.groovy.reflection.CachedMethod.invoke(CachedMethod.java:101)&#13;&#10;&#9;at groovy.lang.MetaMethod.doMethodInvoke(MetaMethod.java:323)&#13;&#10;&#9;at groovy.lang.MetaClassImpl.invokeMethod(MetaClassImpl.java:1217)&#13;&#10;&#9;at groovy.lang.MetaClassImpl.invokeMethod(MetaClassImpl.java:1041)&#13;&#10;&#9;at groovy.lang.MetaClassImpl.invokeMethod(MetaClassImpl.java:821)&#13;&#10;&#9;at io.restassured.internal.RequestSpecificationImpl.invokeMethod(RequestSpecificationImpl.groovy)&#13;&#10;&#9;at org.codehaus.groovy.runtime.callsite.PogoInterceptableSite.call(PogoInterceptableSite.java:45)&#13;&#10;&#9;at org.codehaus.groovy.runtime.callsite.PogoInterceptableSite.callCurrent(PogoInterceptableSite.java:55)&#13;&#10;&#9;at org.codehaus.groovy.runtime.callsite.AbstractCallSite.callCurrent(AbstractCallSite.java:184)&#13;&#10;&#9;at io.restassured.internal.RequestSpecificationImpl.applyPathParamsAndSendRequest(RequestSpecificationImpl.groovy:1661)&#13;&#10;&#9;at sun.reflect.NativeMethodAccessorImpl.invoke0(Native Method)&#13;&#10;&#9;at sun.reflect.NativeMethodAccessorImpl.invoke(Unknown Source)&#13;&#10;&#9;at sun.reflect.DelegatingMethodAccessorImpl.invoke(Unknown Source)&#13;&#10;&#9;at java.lang.reflect.Method.invoke(Unknown Source)&#13;&#10;&#9;at org.codehaus.groovy.reflection.CachedMethod.invoke(CachedMethod.java:101)&#13;&#10;&#9;at groovy.lang.MetaMethod.doMethodInvoke(MetaMethod.java:323)&#13;&#10;&#9;at groovy.lang.MetaClassImpl.invokeMethod(MetaClassImpl.java:1217)&#13;&#10;&#9;at groovy.lang.MetaClassImpl.invokeMethod(MetaClassImpl.java:1041)&#13;&#10;&#9;at groovy.lang.MetaClassImpl.invokeMethod(MetaClassImpl.java:821)&#13;&#10;&#9;at io.restassured.internal.RequestSpecificationImpl.invokeMethod(RequestSpecificationImpl.groovy)&#13;&#10;&#9;at org.codehaus.groovy.runtime.callsite.PogoInterceptableSite.call(PogoInterceptableSite.java:45)&#13;&#10;&#9;at org.codehaus.groovy.runtime.callsite.PogoInterceptableSite.callCurrent(PogoInterceptableSite.java:55)&#13;&#10;&#9;at org.codehaus.groovy.runtime.callsite.AbstractCallSite.callCurrent(AbstractCallSite.java:184)&#13;&#10;&#9;at io.restassured.internal.RequestSpecificationImpl.post(RequestSpecificationImpl.groovy:175)&#13;&#10;&#9;at io.restassured.internal.RequestSpecificationImpl.post(RequestSpecificationImpl.groovy)&#13;&#10;&#9;at equifax.training.util.Util.POSTRes(Util.java:49)&#13;&#10;&#9;at StepDefinitions.BookStepDefinition.create_Publisher_entry_with(BookStepDefinition.java:99)&#13;&#10;&#9;at ✽.Then Create Publisher entry with &quot;Suresh&quot;,&quot;12 th&quot;,&quot;USSR&quot;(C:/Users/Suresh/eclipse-workspace/RestAssuredFramework/src/test/java/Features/GetBook.feature:19)&#13;&#10;"><![CDATA[Then Create Publisher entry with "Suresh","12 th","USSR"....................failed
Then Delete the publisher details by publisher id...........................skipped

StackTrace:
java.net.ConnectException: Connection refused: connect
	at java.net.DualStackPlainSocketImpl.connect0(Native Method)
	at java.net.DualStackPlainSocketImpl.socketConnect(Unknown Source)
	at java.net.AbstractPlainSocketImpl.doConnect(Unknown Source)
	at java.net.AbstractPlainSocketImpl.connectToAddress(Unknown Source)
	at java.net.AbstractPlainSocketImpl.connect(Unknown Source)
	at java.net.PlainSocketImpl.connect(Unknown Source)
	at java.net.SocksSocketImpl.connect(Unknown Source)
	at java.net.Socket.connect(Unknown Source)
	at org.apache.http.conn.scheme.PlainSocketFactory.connectSocket(PlainSocketFactory.java:121)
	at org.apache.http.impl.conn.DefaultClientConnectionOperator.openConnection(DefaultClientConnectionOperator.java:180)
	at org.apache.http.impl.conn.ManagedClientConnectionImpl.open(ManagedClientConnectionImpl.java:326)
	at org.apache.http.impl.client.DefaultRequestDirector.tryConnect(DefaultRequestDirector.java:610)
	at org.apache.http.impl.client.DefaultRequestDirector.execute(DefaultRequestDirector.java:445)
	at org.apache.http.impl.client.AbstractHttpClient.doExecute(AbstractHttpClient.java:835)
	at org.apache.http.impl.client.CloseableHttpClient.execute(CloseableHttpClient.java:83)
	at org.apache.http.impl.client.CloseableHttpClient.execute(CloseableHttpClient.java:56)
	at org.apache.http.client.HttpClient$execute$0.call(Unknown Source)
	at io.restassured.internal.RequestSpecificationImpl$RestAssuredHttpBuilder.doRequest(RequestSpecificationImpl.groovy:2055)
	at io.restassured.internal.http.HTTPBuilder.post(HTTPBuilder.java:349)
	at io.restassured.internal.http.HTTPBuilder$post$2.call(Unknown Source)
	at io.restassured.internal.RequestSpecificationImpl.sendRequest(RequestSpecificationImpl.groovy:1181)
	at sun.reflect.NativeMethodAccessorImpl.invoke0(Native Method)
	at sun.reflect.NativeMethodAccessorImpl.invoke(Unknown Source)
	at sun.reflect.DelegatingMethodAccessorImpl.invoke(Unknown Source)
	at java.lang.reflect.Method.invoke(Unknown Source)
	at org.codehaus.groovy.reflection.CachedMethod.invoke(CachedMethod.java:101)
	at groovy.lang.MetaMethod.doMethodInvoke(MetaMethod.java:323)
	at groovy.lang.MetaClassImpl.invokeMethod(MetaClassImpl.java:1217)
	at groovy.lang.MetaClassImpl.invokeMethod(MetaClassImpl.java:1041)
	at groovy.lang.MetaClassImpl.invokeMethod(MetaClassImpl.java:821)
	at io.restassured.internal.RequestSpecificationImpl.invokeMethod(RequestSpecificationImpl.groovy)
	at org.codehaus.groovy.runtime.callsite.PogoInterceptableSite.call(PogoInterceptableSite.java:45)
	at org.codehaus.groovy.runtime.callsite.AbstractCallSite.call(AbstractCallSite.java:151)
	at io.restassured.internal.filter.SendRequestFilter.filter(SendRequestFilter.groovy:30)
	at io.restassured.filter.Filter$filter$0.call(Unknown Source)
	at org.codehaus.groovy.runtime.callsite.CallSiteArray.defaultCall(CallSiteArray.java:47)
	at io.restassured.filter.Filter$filter.call(Unknown Source)
	at io.restassured.internal.filter.FilterContextImpl.next(FilterContextImpl.groovy:72)
	at io.restassured.filter.time.TimingFilter.filter(TimingFilter.java:56)
	at io.restassured.filter.Filter$filter.call(Unknown Source)
	at org.codehaus.groovy.runtime.callsite.CallSiteArray.defaultCall(CallSiteArray.java:47)
	at io.restassured.filter.Filter$filter$0.call(Unknown Source)
	at io.restassured.internal.filter.FilterContextImpl.next(FilterContextImpl.groovy:72)
	at io.restassured.filter.FilterContext$next.call(Unknown Source)
	at io.restassured.internal.RequestSpecificationImpl.applyPathParamsAndSendRequest(RequestSpecificationImpl.groovy:1655)
	at sun.reflect.NativeMethodAccessorImpl.invoke0(Native Method)
	at sun.reflect.NativeMethodAccessorImpl.invoke(Unknown Source)
	at sun.reflect.DelegatingMethodAccessorImpl.invoke(Unknown Source)
	at java.lang.reflect.Method.invoke(Unknown Source)
	at org.codehaus.groovy.reflection.CachedMethod.invoke(CachedMethod.java:101)
	at groovy.lang.MetaMethod.doMethodInvoke(MetaMethod.java:323)
	at groovy.lang.MetaClassImpl.invokeMethod(MetaClassImpl.java:1217)
	at groovy.lang.MetaClassImpl.invokeMethod(MetaClassImpl.java:1041)
	at groovy.lang.MetaClassImpl.invokeMethod(MetaClassImpl.java:821)
	at io.restassured.internal.RequestSpecificationImpl.invokeMethod(RequestSpecificationImpl.groovy)
	at org.codehaus.groovy.runtime.callsite.PogoInterceptableSite.call(PogoInterceptableSite.java:45)
	at org.codehaus.groovy.runtime.callsite.PogoInterceptableSite.callCurrent(PogoInterceptableSite.java:55)
	at org.codehaus.groovy.runtime.callsite.AbstractCallSite.callCurrent(AbstractCallSite.java:184)
	at io.restassured.internal.RequestSpecificationImpl.applyPathParamsAndSendRequest(RequestSpecificationImpl.groovy:1661)
	at sun.reflect.NativeMethodAccessorImpl.invoke0(Native Method)
	at sun.reflect.NativeMethodAccessorImpl.invoke(Unknown Source)
	at sun.reflect.DelegatingMethodAccessorImpl.invoke(Unknown Source)
	at java.lang.reflect.Method.invoke(Unknown Source)
	at org.codehaus.groovy.reflection.CachedMethod.invoke(CachedMethod.java:101)
	at groovy.lang.MetaMethod.doMethodInvoke(MetaMethod.java:323)
	at groovy.lang.MetaClassImpl.invokeMethod(MetaClassImpl.java:1217)
	at groovy.lang.MetaClassImpl.invokeMethod(MetaClassImpl.java:1041)
	at groovy.lang.MetaClassImpl.invokeMethod(MetaClassImpl.java:821)
	at io.restassured.internal.RequestSpecificationImpl.invokeMethod(RequestSpecificationImpl.groovy)
	at org.codehaus.groovy.runtime.callsite.PogoInterceptableSite.call(PogoInterceptableSite.java:45)
	at org.codehaus.groovy.runtime.callsite.PogoInterceptableSite.callCurrent(PogoInterceptableSite.java:55)
	at org.codehaus.groovy.runtime.callsite.AbstractCallSite.callCurrent(AbstractCallSite.java:184)
	at io.restassured.internal.RequestSpecificationImpl.post(RequestSpecificationImpl.groovy:175)
	at io.restassured.internal.RequestSpecificationImpl.post(RequestSpecificationImpl.groovy)
	at equifax.training.util.Util.POSTRes(Util.java:49)
	at StepDefinitions.BookStepDefinition.create_Publisher_entry_with(BookStepDefinition.java:99)
	at ✽.Then Create Publisher entry with "Suresh","12 th","USSR"(C:/Users/Suresh/eclipse-workspace/RestAssuredFramework/src/test/java/Features/GetBook.feature:19)
]]></failure>
</testcase>
<testcase classname="Library Management" name="Create Publisher entry 2" time="4.044375">
<failure message="java.net.ConnectException: Connection refused: connect&#13;&#10;&#9;at java.net.DualStackPlainSocketImpl.connect0(Native Method)&#13;&#10;&#9;at java.net.DualStackPlainSocketImpl.socketConnect(Unknown Source)&#13;&#10;&#9;at java.net.AbstractPlainSocketImpl.doConnect(Unknown Source)&#13;&#10;&#9;at java.net.AbstractPlainSocketImpl.connectToAddress(Unknown Source)&#13;&#10;&#9;at java.net.AbstractPlainSocketImpl.connect(Unknown Source)&#13;&#10;&#9;at java.net.PlainSocketImpl.connect(Unknown Source)&#13;&#10;&#9;at java.net.SocksSocketImpl.connect(Unknown Source)&#13;&#10;&#9;at java.net.Socket.connect(Unknown Source)&#13;&#10;&#9;at org.apache.http.conn.scheme.PlainSocketFactory.connectSocket(PlainSocketFactory.java:121)&#13;&#10;&#9;at org.apache.http.impl.conn.DefaultClientConnectionOperator.openConnection(DefaultClientConnectionOperator.java:180)&#13;&#10;&#9;at org.apache.http.impl.conn.ManagedClientConnectionImpl.open(ManagedClientConnectionImpl.java:326)&#13;&#10;&#9;at org.apache.http.impl.client.DefaultRequestDirector.tryConnect(DefaultRequestDirector.java:610)&#13;&#10;&#9;at org.apache.http.impl.client.DefaultRequestDirector.execute(DefaultRequestDirector.java:445)&#13;&#10;&#9;at org.apache.http.impl.client.AbstractHttpClient.doExecute(AbstractHttpClient.java:835)&#13;&#10;&#9;at org.apache.http.impl.client.CloseableHttpClient.execute(CloseableHttpClient.java:83)&#13;&#10;&#9;at org.apache.http.impl.client.CloseableHttpClient.execute(CloseableHttpClient.java:56)&#13;&#10;&#9;at org.apache.http.client.HttpClient$execute$0.call(Unknown Source)&#13;&#10;&#9;at io.restassured.internal.RequestSpecificationImpl$RestAssuredHttpBuilder.doRequest(RequestSpecificationImpl.groovy:2055)&#13;&#10;&#9;at io.restassured.internal.http.HTTPBuilder.post(HTTPBuilder.java:349)&#13;&#10;&#9;at io.restassured.internal.http.HTTPBuilder$post$2.call(Unknown Source)&#13;&#10;&#9;at io.restassured.internal.RequestSpecificationImpl.sendRequest(RequestSpecificationImpl.groovy:1181)&#13;&#10;&#9;at sun.reflect.NativeMethodAccessorImpl.invoke0(Native Method)&#13;&#10;&#9;at sun.reflect.NativeMethodAccessorImpl.invoke(Unknown Source)&#13;&#10;&#9;at sun.reflect.DelegatingMethodAccessorImpl.invoke(Unknown Source)&#13;&#10;&#9;at java.lang.reflect.Method.invoke(Unknown Source)&#13;&#10;&#9;at org.codehaus.groovy.reflection.CachedMethod.invoke(CachedMethod.java:101)&#13;&#10;&#9;at groovy.lang.MetaMethod.doMethodInvoke(MetaMethod.java:323)&#13;&#10;&#9;at groovy.lang.MetaClassImpl.invokeMethod(MetaClassImpl.java:1217)&#13;&#10;&#9;at groovy.lang.MetaClassImpl.invokeMethod(MetaClassImpl.java:1041)&#13;&#10;&#9;at groovy.lang.MetaClassImpl.invokeMethod(MetaClassImpl.java:821)&#13;&#10;&#9;at io.restassured.internal.RequestSpecificationImpl.invokeMethod(RequestSpecificationImpl.groovy)&#13;&#10;&#9;at org.codehaus.groovy.runtime.callsite.PogoInterceptableSite.call(PogoInterceptableSite.java:45)&#13;&#10;&#9;at org.codehaus.groovy.runtime.callsite.AbstractCallSite.call(AbstractCallSite.java:151)&#13;&#10;&#9;at io.restassured.internal.filter.SendRequestFilter.filter(SendRequestFilter.groovy:30)&#13;&#10;&#9;at io.restassured.filter.Filter$filter$0.call(Unknown Source)&#13;&#10;&#9;at org.codehaus.groovy.runtime.callsite.CallSiteArray.defaultCall(CallSiteArray.java:47)&#13;&#10;&#9;at io.restassured.filter.Filter$filter.call(Unknown Source)&#13;&#10;&#9;at io.restassured.internal.filter.FilterContextImpl.next(FilterContextImpl.groovy:72)&#13;&#10;&#9;at io.restassured.filter.time.TimingFilter.filter(TimingFilter.java:56)&#13;&#10;&#9;at io.restassured.filter.Filter$filter.call(Unknown Source)&#13;&#10;&#9;at org.codehaus.groovy.runtime.callsite.CallSiteArray.defaultCall(CallSiteArray.java:47)&#13;&#10;&#9;at io.restassured.filter.Filter$filter$0.call(Unknown Source)&#13;&#10;&#9;at io.restassured.internal.filter.FilterContextImpl.next(FilterContextImpl.groovy:72)&#13;&#10;&#9;at io.restassured.filter.FilterContext$next.call(Unknown Source)&#13;&#10;&#9;at io.restassured.internal.RequestSpecificationImpl.applyPathParamsAndSendRequest(RequestSpecificationImpl.groovy:1655)&#13;&#10;&#9;at sun.reflect.NativeMethodAccessorImpl.invoke0(Native Method)&#13;&#10;&#9;at sun.reflect.NativeMethodAccessorImpl.invoke(Unknown Source)&#13;&#10;&#9;at sun.reflect.DelegatingMethodAccessorImpl.invoke(Unknown Source)&#13;&#10;&#9;at java.lang.reflect.Method.invoke(Unknown Source)&#13;&#10;&#9;at org.codehaus.groovy.reflection.CachedMethod.invoke(CachedMethod.java:101)&#13;&#10;&#9;at groovy.lang.MetaMethod.doMethodInvoke(MetaMethod.java:323)&#13;&#10;&#9;at groovy.lang.MetaClassImpl.invokeMethod(MetaClassImpl.java:1217)&#13;&#10;&#9;at groovy.lang.MetaClassImpl.invokeMethod(MetaClassImpl.java:1041)&#13;&#10;&#9;at groovy.lang.MetaClassImpl.invokeMethod(MetaClassImpl.java:821)&#13;&#10;&#9;at io.restassured.internal.RequestSpecificationImpl.invokeMethod(RequestSpecificationImpl.groovy)&#13;&#10;&#9;at org.codehaus.groovy.runtime.callsite.PogoInterceptableSite.call(PogoInterceptableSite.java:45)&#13;&#10;&#9;at org.codehaus.groovy.runtime.callsite.PogoInterceptableSite.callCurrent(PogoInterceptableSite.java:55)&#13;&#10;&#9;at org.codehaus.groovy.runtime.callsite.AbstractCallSite.callCurrent(AbstractCallSite.java:184)&#13;&#10;&#9;at io.restassured.internal.RequestSpecificationImpl.applyPathParamsAndSendRequest(RequestSpecificationImpl.groovy:1661)&#13;&#10;&#9;at sun.reflect.NativeMethodAccessorImpl.invoke0(Native Method)&#13;&#10;&#9;at sun.reflect.NativeMethodAccessorImpl.invoke(Unknown Source)&#13;&#10;&#9;at sun.reflect.DelegatingMethodAccessorImpl.invoke(Unknown Source)&#13;&#10;&#9;at java.lang.reflect.Method.invoke(Unknown Source)&#13;&#10;&#9;at org.codehaus.groovy.reflection.CachedMethod.invoke(CachedMethod.java:101)&#13;&#10;&#9;at groovy.lang.MetaMethod.doMethodInvoke(MetaMethod.java:323)&#13;&#10;&#9;at groovy.lang.MetaClassImpl.invokeMethod(MetaClassImpl.java:1217)&#13;&#10;&#9;at groovy.lang.MetaClassImpl.invokeMethod(MetaClassImpl.java:1041)&#13;&#10;&#9;at groovy.lang.MetaClassImpl.invokeMethod(MetaClassImpl.java:821)&#13;&#10;&#9;at io.restassured.internal.RequestSpecificationImpl.invokeMethod(RequestSpecificationImpl.groovy)&#13;&#10;&#9;at org.codehaus.groovy.runtime.callsite.PogoInterceptableSite.call(PogoInterceptableSite.java:45)&#13;&#10;&#9;at org.codehaus.groovy.runtime.callsite.PogoInterceptableSite.callCurrent(PogoInterceptableSite.java:55)&#13;&#10;&#9;at org.codehaus.groovy.runtime.callsite.AbstractCallSite.callCurrent(AbstractCallSite.java:184)&#13;&#10;&#9;at io.restassured.internal.RequestSpecificationImpl.post(RequestSpecificationImpl.groovy:175)&#13;&#10;&#9;at io.restassured.internal.RequestSpecificationImpl.post(RequestSpecificationImpl.groovy)&#13;&#10;&#9;at equifax.training.util.Util.POSTRes(Util.java:49)&#13;&#10;&#9;at StepDefinitions.BookStepDefinition.create_Publisher_entry_with(BookStepDefinition.java:99)&#13;&#10;&#9;at ✽.Then Create Publisher entry with &quot;Rajesh&quot;,&quot;12 th&quot;,&quot;USSR&quot;(C:/Users/Suresh/eclipse-workspace/RestAssuredFramework/src/test/java/Features/GetBook.feature:19)&#13;&#10;"><![CDATA[Then Create Publisher entry with "Rajesh","12 th","USSR"....................failed
Then Delete the publisher details by publisher id...........................skipped

StackTrace:
java.net.ConnectException: Connection refused: connect
	at java.net.DualStackPlainSocketImpl.connect0(Native Method)
	at java.net.DualStackPlainSocketImpl.socketConnect(Unknown Source)
	at java.net.AbstractPlainSocketImpl.doConnect(Unknown Source)
	at java.net.AbstractPlainSocketImpl.connectToAddress(Unknown Source)
	at java.net.AbstractPlainSocketImpl.connect(Unknown Source)
	at java.net.PlainSocketImpl.connect(Unknown Source)
	at java.net.SocksSocketImpl.connect(Unknown Source)
	at java.net.Socket.connect(Unknown Source)
	at org.apache.http.conn.scheme.PlainSocketFactory.connectSocket(PlainSocketFactory.java:121)
	at org.apache.http.impl.conn.DefaultClientConnectionOperator.openConnection(DefaultClientConnectionOperator.java:180)
	at org.apache.http.impl.conn.ManagedClientConnectionImpl.open(ManagedClientConnectionImpl.java:326)
	at org.apache.http.impl.client.DefaultRequestDirector.tryConnect(DefaultRequestDirector.java:610)
	at org.apache.http.impl.client.DefaultRequestDirector.execute(DefaultRequestDirector.java:445)
	at org.apache.http.impl.client.AbstractHttpClient.doExecute(AbstractHttpClient.java:835)
	at org.apache.http.impl.client.CloseableHttpClient.execute(CloseableHttpClient.java:83)
	at org.apache.http.impl.client.CloseableHttpClient.execute(CloseableHttpClient.java:56)
	at org.apache.http.client.HttpClient$execute$0.call(Unknown Source)
	at io.restassured.internal.RequestSpecificationImpl$RestAssuredHttpBuilder.doRequest(RequestSpecificationImpl.groovy:2055)
	at io.restassured.internal.http.HTTPBuilder.post(HTTPBuilder.java:349)
	at io.restassured.internal.http.HTTPBuilder$post$2.call(Unknown Source)
	at io.restassured.internal.RequestSpecificationImpl.sendRequest(RequestSpecificationImpl.groovy:1181)
	at sun.reflect.NativeMethodAccessorImpl.invoke0(Native Method)
	at sun.reflect.NativeMethodAccessorImpl.invoke(Unknown Source)
	at sun.reflect.DelegatingMethodAccessorImpl.invoke(Unknown Source)
	at java.lang.reflect.Method.invoke(Unknown Source)
	at org.codehaus.groovy.reflection.CachedMethod.invoke(CachedMethod.java:101)
	at groovy.lang.MetaMethod.doMethodInvoke(MetaMethod.java:323)
	at groovy.lang.MetaClassImpl.invokeMethod(MetaClassImpl.java:1217)
	at groovy.lang.MetaClassImpl.invokeMethod(MetaClassImpl.java:1041)
	at groovy.lang.MetaClassImpl.invokeMethod(MetaClassImpl.java:821)
	at io.restassured.internal.RequestSpecificationImpl.invokeMethod(RequestSpecificationImpl.groovy)
	at org.codehaus.groovy.runtime.callsite.PogoInterceptableSite.call(PogoInterceptableSite.java:45)
	at org.codehaus.groovy.runtime.callsite.AbstractCallSite.call(AbstractCallSite.java:151)
	at io.restassured.internal.filter.SendRequestFilter.filter(SendRequestFilter.groovy:30)
	at io.restassured.filter.Filter$filter$0.call(Unknown Source)
	at org.codehaus.groovy.runtime.callsite.CallSiteArray.defaultCall(CallSiteArray.java:47)
	at io.restassured.filter.Filter$filter.call(Unknown Source)
	at io.restassured.internal.filter.FilterContextImpl.next(FilterContextImpl.groovy:72)
	at io.restassured.filter.time.TimingFilter.filter(TimingFilter.java:56)
	at io.restassured.filter.Filter$filter.call(Unknown Source)
	at org.codehaus.groovy.runtime.callsite.CallSiteArray.defaultCall(CallSiteArray.java:47)
	at io.restassured.filter.Filter$filter$0.call(Unknown Source)
	at io.restassured.internal.filter.FilterContextImpl.next(FilterContextImpl.groovy:72)
	at io.restassured.filter.FilterContext$next.call(Unknown Source)
	at io.restassured.internal.RequestSpecificationImpl.applyPathParamsAndSendRequest(RequestSpecificationImpl.groovy:1655)
	at sun.reflect.NativeMethodAccessorImpl.invoke0(Native Method)
	at sun.reflect.NativeMethodAccessorImpl.invoke(Unknown Source)
	at sun.reflect.DelegatingMethodAccessorImpl.invoke(Unknown Source)
	at java.lang.reflect.Method.invoke(Unknown Source)
	at org.codehaus.groovy.reflection.CachedMethod.invoke(CachedMethod.java:101)
	at groovy.lang.MetaMethod.doMethodInvoke(MetaMethod.java:323)
	at groovy.lang.MetaClassImpl.invokeMethod(MetaClassImpl.java:1217)
	at groovy.lang.MetaClassImpl.invokeMethod(MetaClassImpl.java:1041)
	at groovy.lang.MetaClassImpl.invokeMethod(MetaClassImpl.java:821)
	at io.restassured.internal.RequestSpecificationImpl.invokeMethod(RequestSpecificationImpl.groovy)
	at org.codehaus.groovy.runtime.callsite.PogoInterceptableSite.call(PogoInterceptableSite.java:45)
	at org.codehaus.groovy.runtime.callsite.PogoInterceptableSite.callCurrent(PogoInterceptableSite.java:55)
	at org.codehaus.groovy.runtime.callsite.AbstractCallSite.callCurrent(AbstractCallSite.java:184)
	at io.restassured.internal.RequestSpecificationImpl.applyPathParamsAndSendRequest(RequestSpecificationImpl.groovy:1661)
	at sun.reflect.NativeMethodAccessorImpl.invoke0(Native Method)
	at sun.reflect.NativeMethodAccessorImpl.invoke(Unknown Source)
	at sun.reflect.DelegatingMethodAccessorImpl.invoke(Unknown Source)
	at java.lang.reflect.Method.invoke(Unknown Source)
	at org.codehaus.groovy.reflection.CachedMethod.invoke(CachedMethod.java:101)
	at groovy.lang.MetaMethod.doMethodInvoke(MetaMethod.java:323)
	at groovy.lang.MetaClassImpl.invokeMethod(MetaClassImpl.java:1217)
	at groovy.lang.MetaClassImpl.invokeMethod(MetaClassImpl.java:1041)
	at groovy.lang.MetaClassImpl.invokeMethod(MetaClassImpl.java:821)
	at io.restassured.internal.RequestSpecificationImpl.invokeMethod(RequestSpecificationImpl.groovy)
	at org.codehaus.groovy.runtime.callsite.PogoInterceptableSite.call(PogoInterceptableSite.java:45)
	at org.codehaus.groovy.runtime.callsite.PogoInterceptableSite.callCurrent(PogoInterceptableSite.java:55)
	at org.codehaus.groovy.runtime.callsite.AbstractCallSite.callCurrent(AbstractCallSite.java:184)
	at io.restassured.internal.RequestSpecificationImpl.post(RequestSpecificationImpl.groovy:175)
	at io.restassured.internal.RequestSpecificationImpl.post(RequestSpecificationImpl.groovy)
	at equifax.training.util.Util.POSTRes(Util.java:49)
	at StepDefinitions.BookStepDefinition.create_Publisher_entry_with(BookStepDefinition.java:99)
	at ✽.Then Create Publisher entry with "Rajesh","12 th","USSR"(C:/Users/Suresh/eclipse-workspace/RestAssuredFramework/src/test/java/Features/GetBook.feature:19)
]]></failure>
</testcase>
<testcase classname="Library Management" name="Create Author entry" time="4.047821">
<failure message="java.net.ConnectException: Connection refused: connect&#13;&#10;&#9;at java.net.DualStackPlainSocketImpl.connect0(Native Method)&#13;&#10;&#9;at java.net.DualStackPlainSocketImpl.socketConnect(Unknown Source)&#13;&#10;&#9;at java.net.AbstractPlainSocketImpl.doConnect(Unknown Source)&#13;&#10;&#9;at java.net.AbstractPlainSocketImpl.connectToAddress(Unknown Source)&#13;&#10;&#9;at java.net.AbstractPlainSocketImpl.connect(Unknown Source)&#13;&#10;&#9;at java.net.PlainSocketImpl.connect(Unknown Source)&#13;&#10;&#9;at java.net.SocksSocketImpl.connect(Unknown Source)&#13;&#10;&#9;at java.net.Socket.connect(Unknown Source)&#13;&#10;&#9;at org.apache.http.conn.scheme.PlainSocketFactory.connectSocket(PlainSocketFactory.java:121)&#13;&#10;&#9;at org.apache.http.impl.conn.DefaultClientConnectionOperator.openConnection(DefaultClientConnectionOperator.java:180)&#13;&#10;&#9;at org.apache.http.impl.conn.ManagedClientConnectionImpl.open(ManagedClientConnectionImpl.java:326)&#13;&#10;&#9;at org.apache.http.impl.client.DefaultRequestDirector.tryConnect(DefaultRequestDirector.java:610)&#13;&#10;&#9;at org.apache.http.impl.client.DefaultRequestDirector.execute(DefaultRequestDirector.java:445)&#13;&#10;&#9;at org.apache.http.impl.client.AbstractHttpClient.doExecute(AbstractHttpClient.java:835)&#13;&#10;&#9;at org.apache.http.impl.client.CloseableHttpClient.execute(CloseableHttpClient.java:83)&#13;&#10;&#9;at org.apache.http.impl.client.CloseableHttpClient.execute(CloseableHttpClient.java:56)&#13;&#10;&#9;at org.apache.http.client.HttpClient$execute$0.call(Unknown Source)&#13;&#10;&#9;at io.restassured.internal.RequestSpecificationImpl$RestAssuredHttpBuilder.doRequest(RequestSpecificationImpl.groovy:2055)&#13;&#10;&#9;at io.restassured.internal.http.HTTPBuilder.post(HTTPBuilder.java:349)&#13;&#10;&#9;at io.restassured.internal.http.HTTPBuilder$post$2.call(Unknown Source)&#13;&#10;&#9;at io.restassured.internal.RequestSpecificationImpl.sendRequest(RequestSpecificationImpl.groovy:1181)&#13;&#10;&#9;at sun.reflect.NativeMethodAccessorImpl.invoke0(Native Method)&#13;&#10;&#9;at sun.reflect.NativeMethodAccessorImpl.invoke(Unknown Source)&#13;&#10;&#9;at sun.reflect.DelegatingMethodAccessorImpl.invoke(Unknown Source)&#13;&#10;&#9;at java.lang.reflect.Method.invoke(Unknown Source)&#13;&#10;&#9;at org.codehaus.groovy.reflection.CachedMethod.invoke(CachedMethod.java:101)&#13;&#10;&#9;at groovy.lang.MetaMethod.doMethodInvoke(MetaMethod.java:323)&#13;&#10;&#9;at groovy.lang.MetaClassImpl.invokeMethod(MetaClassImpl.java:1217)&#13;&#10;&#9;at groovy.lang.MetaClassImpl.invokeMethod(MetaClassImpl.java:1041)&#13;&#10;&#9;at groovy.lang.MetaClassImpl.invokeMethod(MetaClassImpl.java:821)&#13;&#10;&#9;at io.restassured.internal.RequestSpecificationImpl.invokeMethod(RequestSpecificationImpl.groovy)&#13;&#10;&#9;at org.codehaus.groovy.runtime.callsite.PogoInterceptableSite.call(PogoInterceptableSite.java:45)&#13;&#10;&#9;at org.codehaus.groovy.runtime.callsite.AbstractCallSite.call(AbstractCallSite.java:151)&#13;&#10;&#9;at io.restassured.internal.filter.SendRequestFilter.filter(SendRequestFilter.groovy:30)&#13;&#10;&#9;at io.restassured.filter.Filter$filter$0.call(Unknown Source)&#13;&#10;&#9;at org.codehaus.groovy.runtime.callsite.CallSiteArray.defaultCall(CallSiteArray.java:47)&#13;&#10;&#9;at io.restassured.filter.Filter$filter.call(Unknown Source)&#13;&#10;&#9;at io.restassured.internal.filter.FilterContextImpl.next(FilterContextImpl.groovy:72)&#13;&#10;&#9;at io.restassured.filter.time.TimingFilter.filter(TimingFilter.java:56)&#13;&#10;&#9;at io.restassured.filter.Filter$filter.call(Unknown Source)&#13;&#10;&#9;at org.codehaus.groovy.runtime.callsite.CallSiteArray.defaultCall(CallSiteArray.java:47)&#13;&#10;&#9;at io.restassured.filter.Filter$filter$0.call(Unknown Source)&#13;&#10;&#9;at io.restassured.internal.filter.FilterContextImpl.next(FilterContextImpl.groovy:72)&#13;&#10;&#9;at io.restassured.filter.FilterContext$next.call(Unknown Source)&#13;&#10;&#9;at io.restassured.internal.RequestSpecificationImpl.applyPathParamsAndSendRequest(RequestSpecificationImpl.groovy:1655)&#13;&#10;&#9;at sun.reflect.NativeMethodAccessorImpl.invoke0(Native Method)&#13;&#10;&#9;at sun.reflect.NativeMethodAccessorImpl.invoke(Unknown Source)&#13;&#10;&#9;at sun.reflect.DelegatingMethodAccessorImpl.invoke(Unknown Source)&#13;&#10;&#9;at java.lang.reflect.Method.invoke(Unknown Source)&#13;&#10;&#9;at org.codehaus.groovy.reflection.CachedMethod.invoke(CachedMethod.java:101)&#13;&#10;&#9;at groovy.lang.MetaMethod.doMethodInvoke(MetaMethod.java:323)&#13;&#10;&#9;at groovy.lang.MetaClassImpl.invokeMethod(MetaClassImpl.java:1217)&#13;&#10;&#9;at groovy.lang.MetaClassImpl.invokeMethod(MetaClassImpl.java:1041)&#13;&#10;&#9;at groovy.lang.MetaClassImpl.invokeMethod(MetaClassImpl.java:821)&#13;&#10;&#9;at io.restassured.internal.RequestSpecificationImpl.invokeMethod(RequestSpecificationImpl.groovy)&#13;&#10;&#9;at org.codehaus.groovy.runtime.callsite.PogoInterceptableSite.call(PogoInterceptableSite.java:45)&#13;&#10;&#9;at org.codehaus.groovy.runtime.callsite.PogoInterceptableSite.callCurrent(PogoInterceptableSite.java:55)&#13;&#10;&#9;at org.codehaus.groovy.runtime.callsite.AbstractCallSite.callCurrent(AbstractCallSite.java:184)&#13;&#10;&#9;at io.restassured.internal.RequestSpecificationImpl.applyPathParamsAndSendRequest(RequestSpecificationImpl.groovy:1661)&#13;&#10;&#9;at sun.reflect.NativeMethodAccessorImpl.invoke0(Native Method)&#13;&#10;&#9;at sun.reflect.NativeMethodAccessorImpl.invoke(Unknown Source)&#13;&#10;&#9;at sun.reflect.DelegatingMethodAccessorImpl.invoke(Unknown Source)&#13;&#10;&#9;at java.lang.reflect.Method.invoke(Unknown Source)&#13;&#10;&#9;at org.codehaus.groovy.reflection.CachedMethod.invoke(CachedMethod.java:101)&#13;&#10;&#9;at groovy.lang.MetaMethod.doMethodInvoke(MetaMethod.java:323)&#13;&#10;&#9;at groovy.lang.MetaClassImpl.invokeMethod(MetaClassImpl.java:1217)&#13;&#10;&#9;at groovy.lang.MetaClassImpl.invokeMethod(MetaClassImpl.java:1041)&#13;&#10;&#9;at groovy.lang.MetaClassImpl.invokeMethod(MetaClassImpl.java:821)&#13;&#10;&#9;at io.restassured.internal.RequestSpecificationImpl.invokeMethod(RequestSpecificationImpl.groovy)&#13;&#10;&#9;at org.codehaus.groovy.runtime.callsite.PogoInterceptableSite.call(PogoInterceptableSite.java:45)&#13;&#10;&#9;at org.codehaus.groovy.runtime.callsite.PogoInterceptableSite.callCurrent(PogoInterceptableSite.java:55)&#13;&#10;&#9;at org.codehaus.groovy.runtime.callsite.AbstractCallSite.callCurrent(AbstractCallSite.java:184)&#13;&#10;&#9;at io.restassured.internal.RequestSpecificationImpl.post(RequestSpecificationImpl.groovy:175)&#13;&#10;&#9;at io.restassured.internal.RequestSpecificationImpl.post(RequestSpecificationImpl.groovy)&#13;&#10;&#9;at equifax.training.util.Util.POSTRes(Util.java:49)&#13;&#10;&#9;at StepDefinitions.BookStepDefinition.create_Author_entry_with(BookStepDefinition.java:129)&#13;&#10;&#9;at ✽.Then Create Author entry with &quot;authorthree&quot;,&quot;12 th&quot;,&quot;USSR&quot;(C:/Users/Suresh/eclipse-workspace/RestAssuredFramework/src/test/java/Features/GetBook.feature:29)&#13;&#10;"><![CDATA[Then Create Author entry with "authorthree","12 th","USSR"..................failed
Then Delete the Author details by Author id.................................skipped

StackTrace:
java.net.ConnectException: Connection refused: connect
	at java.net.DualStackPlainSocketImpl.connect0(Native Method)
	at java.net.DualStackPlainSocketImpl.socketConnect(Unknown Source)
	at java.net.AbstractPlainSocketImpl.doConnect(Unknown Source)
	at java.net.AbstractPlainSocketImpl.connectToAddress(Unknown Source)
	at java.net.AbstractPlainSocketImpl.connect(Unknown Source)
	at java.net.PlainSocketImpl.connect(Unknown Source)
	at java.net.SocksSocketImpl.connect(Unknown Source)
	at java.net.Socket.connect(Unknown Source)
	at org.apache.http.conn.scheme.PlainSocketFactory.connectSocket(PlainSocketFactory.java:121)
	at org.apache.http.impl.conn.DefaultClientConnectionOperator.openConnection(DefaultClientConnectionOperator.java:180)
	at org.apache.http.impl.conn.ManagedClientConnectionImpl.open(ManagedClientConnectionImpl.java:326)
	at org.apache.http.impl.client.DefaultRequestDirector.tryConnect(DefaultRequestDirector.java:610)
	at org.apache.http.impl.client.DefaultRequestDirector.execute(DefaultRequestDirector.java:445)
	at org.apache.http.impl.client.AbstractHttpClient.doExecute(AbstractHttpClient.java:835)
	at org.apache.http.impl.client.CloseableHttpClient.execute(CloseableHttpClient.java:83)
	at org.apache.http.impl.client.CloseableHttpClient.execute(CloseableHttpClient.java:56)
	at org.apache.http.client.HttpClient$execute$0.call(Unknown Source)
	at io.restassured.internal.RequestSpecificationImpl$RestAssuredHttpBuilder.doRequest(RequestSpecificationImpl.groovy:2055)
	at io.restassured.internal.http.HTTPBuilder.post(HTTPBuilder.java:349)
	at io.restassured.internal.http.HTTPBuilder$post$2.call(Unknown Source)
	at io.restassured.internal.RequestSpecificationImpl.sendRequest(RequestSpecificationImpl.groovy:1181)
	at sun.reflect.NativeMethodAccessorImpl.invoke0(Native Method)
	at sun.reflect.NativeMethodAccessorImpl.invoke(Unknown Source)
	at sun.reflect.DelegatingMethodAccessorImpl.invoke(Unknown Source)
	at java.lang.reflect.Method.invoke(Unknown Source)
	at org.codehaus.groovy.reflection.CachedMethod.invoke(CachedMethod.java:101)
	at groovy.lang.MetaMethod.doMethodInvoke(MetaMethod.java:323)
	at groovy.lang.MetaClassImpl.invokeMethod(MetaClassImpl.java:1217)
	at groovy.lang.MetaClassImpl.invokeMethod(MetaClassImpl.java:1041)
	at groovy.lang.MetaClassImpl.invokeMethod(MetaClassImpl.java:821)
	at io.restassured.internal.RequestSpecificationImpl.invokeMethod(RequestSpecificationImpl.groovy)
	at org.codehaus.groovy.runtime.callsite.PogoInterceptableSite.call(PogoInterceptableSite.java:45)
	at org.codehaus.groovy.runtime.callsite.AbstractCallSite.call(AbstractCallSite.java:151)
	at io.restassured.internal.filter.SendRequestFilter.filter(SendRequestFilter.groovy:30)
	at io.restassured.filter.Filter$filter$0.call(Unknown Source)
	at org.codehaus.groovy.runtime.callsite.CallSiteArray.defaultCall(CallSiteArray.java:47)
	at io.restassured.filter.Filter$filter.call(Unknown Source)
	at io.restassured.internal.filter.FilterContextImpl.next(FilterContextImpl.groovy:72)
	at io.restassured.filter.time.TimingFilter.filter(TimingFilter.java:56)
	at io.restassured.filter.Filter$filter.call(Unknown Source)
	at org.codehaus.groovy.runtime.callsite.CallSiteArray.defaultCall(CallSiteArray.java:47)
	at io.restassured.filter.Filter$filter$0.call(Unknown Source)
	at io.restassured.internal.filter.FilterContextImpl.next(FilterContextImpl.groovy:72)
	at io.restassured.filter.FilterContext$next.call(Unknown Source)
	at io.restassured.internal.RequestSpecificationImpl.applyPathParamsAndSendRequest(RequestSpecificationImpl.groovy:1655)
	at sun.reflect.NativeMethodAccessorImpl.invoke0(Native Method)
	at sun.reflect.NativeMethodAccessorImpl.invoke(Unknown Source)
	at sun.reflect.DelegatingMethodAccessorImpl.invoke(Unknown Source)
	at java.lang.reflect.Method.invoke(Unknown Source)
	at org.codehaus.groovy.reflection.CachedMethod.invoke(CachedMethod.java:101)
	at groovy.lang.MetaMethod.doMethodInvoke(MetaMethod.java:323)
	at groovy.lang.MetaClassImpl.invokeMethod(MetaClassImpl.java:1217)
	at groovy.lang.MetaClassImpl.invokeMethod(MetaClassImpl.java:1041)
	at groovy.lang.MetaClassImpl.invokeMethod(MetaClassImpl.java:821)
	at io.restassured.internal.RequestSpecificationImpl.invokeMethod(RequestSpecificationImpl.groovy)
	at org.codehaus.groovy.runtime.callsite.PogoInterceptableSite.call(PogoInterceptableSite.java:45)
	at org.codehaus.groovy.runtime.callsite.PogoInterceptableSite.callCurrent(PogoInterceptableSite.java:55)
	at org.codehaus.groovy.runtime.callsite.AbstractCallSite.callCurrent(AbstractCallSite.java:184)
	at io.restassured.internal.RequestSpecificationImpl.applyPathParamsAndSendRequest(RequestSpecificationImpl.groovy:1661)
	at sun.reflect.NativeMethodAccessorImpl.invoke0(Native Method)
	at sun.reflect.NativeMethodAccessorImpl.invoke(Unknown Source)
	at sun.reflect.DelegatingMethodAccessorImpl.invoke(Unknown Source)
	at java.lang.reflect.Method.invoke(Unknown Source)
	at org.codehaus.groovy.reflection.CachedMethod.invoke(CachedMethod.java:101)
	at groovy.lang.MetaMethod.doMethodInvoke(MetaMethod.java:323)
	at groovy.lang.MetaClassImpl.invokeMethod(MetaClassImpl.java:1217)
	at groovy.lang.MetaClassImpl.invokeMethod(MetaClassImpl.java:1041)
	at groovy.lang.MetaClassImpl.invokeMethod(MetaClassImpl.java:821)
	at io.restassured.internal.RequestSpecificationImpl.invokeMethod(RequestSpecificationImpl.groovy)
	at org.codehaus.groovy.runtime.callsite.PogoInterceptableSite.call(PogoInterceptableSite.java:45)
	at org.codehaus.groovy.runtime.callsite.PogoInterceptableSite.callCurrent(PogoInterceptableSite.java:55)
	at org.codehaus.groovy.runtime.callsite.AbstractCallSite.callCurrent(AbstractCallSite.java:184)
	at io.restassured.internal.RequestSpecificationImpl.post(RequestSpecificationImpl.groovy:175)
	at io.restassured.internal.RequestSpecificationImpl.post(RequestSpecificationImpl.groovy)
	at equifax.training.util.Util.POSTRes(Util.java:49)
	at StepDefinitions.BookStepDefinition.create_Author_entry_with(BookStepDefinition.java:129)
	at ✽.Then Create Author entry with "authorthree","12 th","USSR"(C:/Users/Suresh/eclipse-workspace/RestAssuredFramework/src/test/java/Features/GetBook.feature:29)
]]></failure>
</testcase>
<testcase classname="Library Management" name="Create Author entry 2" time="4.052559">
<failure message="java.net.ConnectException: Connection refused: connect&#13;&#10;&#9;at java.net.DualStackPlainSocketImpl.connect0(Native Method)&#13;&#10;&#9;at java.net.DualStackPlainSocketImpl.socketConnect(Unknown Source)&#13;&#10;&#9;at java.net.AbstractPlainSocketImpl.doConnect(Unknown Source)&#13;&#10;&#9;at java.net.AbstractPlainSocketImpl.connectToAddress(Unknown Source)&#13;&#10;&#9;at java.net.AbstractPlainSocketImpl.connect(Unknown Source)&#13;&#10;&#9;at java.net.PlainSocketImpl.connect(Unknown Source)&#13;&#10;&#9;at java.net.SocksSocketImpl.connect(Unknown Source)&#13;&#10;&#9;at java.net.Socket.connect(Unknown Source)&#13;&#10;&#9;at org.apache.http.conn.scheme.PlainSocketFactory.connectSocket(PlainSocketFactory.java:121)&#13;&#10;&#9;at org.apache.http.impl.conn.DefaultClientConnectionOperator.openConnection(DefaultClientConnectionOperator.java:180)&#13;&#10;&#9;at org.apache.http.impl.conn.ManagedClientConnectionImpl.open(ManagedClientConnectionImpl.java:326)&#13;&#10;&#9;at org.apache.http.impl.client.DefaultRequestDirector.tryConnect(DefaultRequestDirector.java:610)&#13;&#10;&#9;at org.apache.http.impl.client.DefaultRequestDirector.execute(DefaultRequestDirector.java:445)&#13;&#10;&#9;at org.apache.http.impl.client.AbstractHttpClient.doExecute(AbstractHttpClient.java:835)&#13;&#10;&#9;at org.apache.http.impl.client.CloseableHttpClient.execute(CloseableHttpClient.java:83)&#13;&#10;&#9;at org.apache.http.impl.client.CloseableHttpClient.execute(CloseableHttpClient.java:56)&#13;&#10;&#9;at org.apache.http.client.HttpClient$execute$0.call(Unknown Source)&#13;&#10;&#9;at io.restassured.internal.RequestSpecificationImpl$RestAssuredHttpBuilder.doRequest(RequestSpecificationImpl.groovy:2055)&#13;&#10;&#9;at io.restassured.internal.http.HTTPBuilder.post(HTTPBuilder.java:349)&#13;&#10;&#9;at io.restassured.internal.http.HTTPBuilder$post$2.call(Unknown Source)&#13;&#10;&#9;at io.restassured.internal.RequestSpecificationImpl.sendRequest(RequestSpecificationImpl.groovy:1181)&#13;&#10;&#9;at sun.reflect.NativeMethodAccessorImpl.invoke0(Native Method)&#13;&#10;&#9;at sun.reflect.NativeMethodAccessorImpl.invoke(Unknown Source)&#13;&#10;&#9;at sun.reflect.DelegatingMethodAccessorImpl.invoke(Unknown Source)&#13;&#10;&#9;at java.lang.reflect.Method.invoke(Unknown Source)&#13;&#10;&#9;at org.codehaus.groovy.reflection.CachedMethod.invoke(CachedMethod.java:101)&#13;&#10;&#9;at groovy.lang.MetaMethod.doMethodInvoke(MetaMethod.java:323)&#13;&#10;&#9;at groovy.lang.MetaClassImpl.invokeMethod(MetaClassImpl.java:1217)&#13;&#10;&#9;at groovy.lang.MetaClassImpl.invokeMethod(MetaClassImpl.java:1041)&#13;&#10;&#9;at groovy.lang.MetaClassImpl.invokeMethod(MetaClassImpl.java:821)&#13;&#10;&#9;at io.restassured.internal.RequestSpecificationImpl.invokeMethod(RequestSpecificationImpl.groovy)&#13;&#10;&#9;at org.codehaus.groovy.runtime.callsite.PogoInterceptableSite.call(PogoInterceptableSite.java:45)&#13;&#10;&#9;at org.codehaus.groovy.runtime.callsite.AbstractCallSite.call(AbstractCallSite.java:151)&#13;&#10;&#9;at io.restassured.internal.filter.SendRequestFilter.filter(SendRequestFilter.groovy:30)&#13;&#10;&#9;at io.restassured.filter.Filter$filter$0.call(Unknown Source)&#13;&#10;&#9;at org.codehaus.groovy.runtime.callsite.CallSiteArray.defaultCall(CallSiteArray.java:47)&#13;&#10;&#9;at io.restassured.filter.Filter$filter.call(Unknown Source)&#13;&#10;&#9;at io.restassured.internal.filter.FilterContextImpl.next(FilterContextImpl.groovy:72)&#13;&#10;&#9;at io.restassured.filter.time.TimingFilter.filter(TimingFilter.java:56)&#13;&#10;&#9;at io.restassured.filter.Filter$filter.call(Unknown Source)&#13;&#10;&#9;at org.codehaus.groovy.runtime.callsite.CallSiteArray.defaultCall(CallSiteArray.java:47)&#13;&#10;&#9;at io.restassured.filter.Filter$filter$0.call(Unknown Source)&#13;&#10;&#9;at io.restassured.internal.filter.FilterContextImpl.next(FilterContextImpl.groovy:72)&#13;&#10;&#9;at io.restassured.filter.FilterContext$next.call(Unknown Source)&#13;&#10;&#9;at io.restassured.internal.RequestSpecificationImpl.applyPathParamsAndSendRequest(RequestSpecificationImpl.groovy:1655)&#13;&#10;&#9;at sun.reflect.NativeMethodAccessorImpl.invoke0(Native Method)&#13;&#10;&#9;at sun.reflect.NativeMethodAccessorImpl.invoke(Unknown Source)&#13;&#10;&#9;at sun.reflect.DelegatingMethodAccessorImpl.invoke(Unknown Source)&#13;&#10;&#9;at java.lang.reflect.Method.invoke(Unknown Source)&#13;&#10;&#9;at org.codehaus.groovy.reflection.CachedMethod.invoke(CachedMethod.java:101)&#13;&#10;&#9;at groovy.lang.MetaMethod.doMethodInvoke(MetaMethod.java:323)&#13;&#10;&#9;at groovy.lang.MetaClassImpl.invokeMethod(MetaClassImpl.java:1217)&#13;&#10;&#9;at groovy.lang.MetaClassImpl.invokeMethod(MetaClassImpl.java:1041)&#13;&#10;&#9;at groovy.lang.MetaClassImpl.invokeMethod(MetaClassImpl.java:821)&#13;&#10;&#9;at io.restassured.internal.RequestSpecificationImpl.invokeMethod(RequestSpecificationImpl.groovy)&#13;&#10;&#9;at org.codehaus.groovy.runtime.callsite.PogoInterceptableSite.call(PogoInterceptableSite.java:45)&#13;&#10;&#9;at org.codehaus.groovy.runtime.callsite.PogoInterceptableSite.callCurrent(PogoInterceptableSite.java:55)&#13;&#10;&#9;at org.codehaus.groovy.runtime.callsite.AbstractCallSite.callCurrent(AbstractCallSite.java:184)&#13;&#10;&#9;at io.restassured.internal.RequestSpecificationImpl.applyPathParamsAndSendRequest(RequestSpecificationImpl.groovy:1661)&#13;&#10;&#9;at sun.reflect.NativeMethodAccessorImpl.invoke0(Native Method)&#13;&#10;&#9;at sun.reflect.NativeMethodAccessorImpl.invoke(Unknown Source)&#13;&#10;&#9;at sun.reflect.DelegatingMethodAccessorImpl.invoke(Unknown Source)&#13;&#10;&#9;at java.lang.reflect.Method.invoke(Unknown Source)&#13;&#10;&#9;at org.codehaus.groovy.reflection.CachedMethod.invoke(CachedMethod.java:101)&#13;&#10;&#9;at groovy.lang.MetaMethod.doMethodInvoke(MetaMethod.java:323)&#13;&#10;&#9;at groovy.lang.MetaClassImpl.invokeMethod(MetaClassImpl.java:1217)&#13;&#10;&#9;at groovy.lang.MetaClassImpl.invokeMethod(MetaClassImpl.java:1041)&#13;&#10;&#9;at groovy.lang.MetaClassImpl.invokeMethod(MetaClassImpl.java:821)&#13;&#10;&#9;at io.restassured.internal.RequestSpecificationImpl.invokeMethod(RequestSpecificationImpl.groovy)&#13;&#10;&#9;at org.codehaus.groovy.runtime.callsite.PogoInterceptableSite.call(PogoInterceptableSite.java:45)&#13;&#10;&#9;at org.codehaus.groovy.runtime.callsite.PogoInterceptableSite.callCurrent(PogoInterceptableSite.java:55)&#13;&#10;&#9;at org.codehaus.groovy.runtime.callsite.AbstractCallSite.callCurrent(AbstractCallSite.java:184)&#13;&#10;&#9;at io.restassured.internal.RequestSpecificationImpl.post(RequestSpecificationImpl.groovy:175)&#13;&#10;&#9;at io.restassured.internal.RequestSpecificationImpl.post(RequestSpecificationImpl.groovy)&#13;&#10;&#9;at equifax.training.util.Util.POSTRes(Util.java:49)&#13;&#10;&#9;at StepDefinitions.BookStepDefinition.create_Author_ent
[...]
	at java.net.PlainSocketImpl.connect(Unknown Source)
	at java.net.SocksSocketImpl.connect(Unknown Source)
	at java.net.Socket.connect(Unknown Source)
	at org.apache.http.conn.scheme.PlainSocketFactory.connectSocket(PlainSocketFactory.java:121)
	at org.apache.http.impl.conn.DefaultClientConnectionOperator.openConnection(DefaultClientConnectionOperator.java:180)
	at org.apache.http.impl.conn.ManagedClientConnectionImpl.open(ManagedClientConnectionImpl.java:326)
	at org.apache.http.impl.client.DefaultRequestDirector.tryConnect(DefaultRequestDirector.java:610)
	at org.apache.http.impl.client.DefaultRequestDirector.execute(DefaultRequestDirector.java:445)
	at org.apache.http.impl.client.AbstractHttpClient.doExecute(AbstractHttpClient.java:835)
	at org.apache.http.impl.client.CloseableHttpClient.execute(CloseableHttpClient.java:83)
	at org.apache.http.impl.client.CloseableHttpClient.execute(CloseableHttpClient.java:56)
	at org.apache.http.client.HttpClient$execute$0.call(Unknown Source)
	at io.restassured.internal.RequestSpecificationImpl$RestAssuredHttpBuilder.doRequest(RequestSpecificationImpl.groovy:2055)
	at io.restassured.internal.http.HTTPBuilder.post(HTTPBuilder.java:349)
	at io.restassured.internal.http.HTTPBuilder$post$2.call(Unknown Source)
	at io.restassured.internal.RequestSpecificationImpl.sendRequest(RequestSpecificationImpl.groovy:1181)
	at sun.reflect.NativeMethodAccessorImpl.invoke0(Native Method)
	at sun.reflect.NativeMethodAccessorImpl.invoke(Unknown Source)
	at sun.reflect.DelegatingMethodAccessorImpl.invoke(Unknown Source)
	at java.lang.reflect.Method.invoke(Unknown Source)
	at org.codehaus.groovy.reflection.CachedMethod.invoke(CachedMethod.java:101)
	at groovy.lang.MetaMethod.doMethodInvoke(MetaMethod.java:323)
	at groovy.lang.MetaClassImpl.invokeMethod(MetaClassImpl.java:1217)
	at groovy.lang.MetaClassImpl.invokeMethod(MetaClassImpl.java:1041)
	at groovy.lang.MetaClassImpl.invokeMethod(MetaClassImpl.java:821)
	at io.restassured.internal.RequestSpecificationImpl.invokeMethod(RequestSpecificationImpl.groovy)
	at org.codehaus.groovy.runtime.callsite.PogoInterceptableSite.call(PogoInterceptableSite.java:45)
	at org.codehaus.groovy.runtime.callsite.AbstractCallSite.call(AbstractCallSite.java:151)
	at io.restassured.internal.filter.SendRequestFilter.filter(SendRequestFilter.groovy:30)
	at io.restassured.filter.Filter$filter$0.call(Unknown Source)
	at org.codehaus.groovy.runtime.callsite.CallSiteArray.defaultCall(CallSiteArray.java:47)
	at io.restassured.filter.Filter$filter.call(Unknown Source)
	at io.restassured.internal.filter.FilterContextImpl.next(FilterContextImpl.groovy:72)
	at io.restassured.filter.time.TimingFilter.filter(TimingFilter.java:56)
	at io.restassured.filter.Filter$filter.call(Unknown Source)
	at org.codehaus.groovy.runtime.callsite.CallSiteArray.defaultCall(CallSiteArray.java:47)
	at io.restassured.filter.Filter$filter$0.call(Unknown Source)
	at io.restassured.internal.filter.FilterContextImpl.next(FilterContextImpl.groovy:72)
	at io.restassured.filter.FilterContext$next.call(Unknown Source)
	at io.restassured.internal.RequestSpecificationImpl.applyPathParamsAndSendRequest(RequestSpecificationImpl.groovy:1655)
	at sun.reflect.NativeMethodAccessorImpl.invoke0(Native Method)
	at sun.reflect.NativeMethodAccessorImpl.invoke(Unknown Source)
	at sun.reflect.DelegatingMethodAccessorImpl.invoke(Unknown Source)
	at java.lang.reflect.Method.invoke(Unknown Source)
	at org.codehaus.groovy.reflection.CachedMethod.invoke(CachedMethod.java:101)
	at groovy.lang.MetaMethod.doMethodInvoke(MetaMethod.java:323)
	at groovy.lang.MetaClassImpl.invokeMethod(MetaClassImpl.java:1217)
	at groovy.lang.MetaClassImpl.invokeMethod(MetaClassImpl.java:1041)
	at groovy.lang.MetaClassImpl.invokeMethod(MetaClassImpl.java:821)
	at io.restassured.internal.RequestSpecificationImpl.invokeMethod(RequestSpecificationImpl.groovy)
	at org.codehaus.groovy.runtime.callsite.PogoInterceptableSite.call(PogoInterceptableSite.java:45)
	at org.codehaus.groovy.runtime.callsite.PogoInterceptableSite.callCurrent(PogoInterceptableSite.java:55)
	at org.codehaus.groovy.runtime.callsite.AbstractCallSite.callCurrent(AbstractCallSite.java:184)
	at io.restassured.internal.RequestSpecificationImpl.applyPathParamsAndSendRequest(RequestSpecificationImpl.groovy:1661)
	at sun.reflect.NativeMethodAccessorImpl.invoke0(Native Method)
	at sun.reflect.NativeMethodAccessorImpl.invoke(Unknown Source)
	at sun.reflect.DelegatingMethodAccessorImpl.invoke(Unknown Source)
	at java.lang.reflect.Method.invoke(Unknown Source)
	at org.codehaus.groovy.reflection.CachedMethod.invoke(CachedMethod.java:101)
	at groovy.lang.MetaMethod.doMethodInvoke(MetaMethod.java:323)
	at groovy.lang.MetaClassImpl.invokeMethod(MetaClassImpl.java:1217)
	at groovy.lang.MetaClassImpl.invokeMethod(MetaClassImpl.java:1041)
	at groovy.lang.MetaClassImpl.invokeMethod(MetaClassImpl.java:821)
	at io.restassured.internal.RequestSpecificationImpl.invokeMethod(RequestSpecificationImpl.groovy)
	at org.codehaus.groovy.runtime.callsite.PogoInterceptableSite.call(PogoInterceptableSite.java:45)
	at org.codehaus.groovy.runtime.callsite.PogoInterceptableSite.callCurrent(PogoInterceptableSite.java:55)
	at org.codehaus.groovy.runtime.callsite.AbstractCallSite.callCurrent(AbstractCallSite.java:184)
	at io.restassured.internal.RequestSpecificationImpl.post(RequestSpecificationImpl.groovy:175)
	at io.restassured.internal.RequestSpecificationImpl.post(RequestSpecificationImpl.groovy)
	at equifax.training.util.Util.POSTRes(Util.java:49)
	at StepDefinitions.BookStepDefinition.create_Customer_entry_with(BookStepDefinition.java:176)
	at ✽.Then Create Customer entry with "Sura","15 th","USSR"(C:/Users/Suresh/eclipse-workspace/RestAssuredFramework/src/test/java/Features/GetBook.feature:40)
]]></failure>
</testcase>
<testcase classname="Library Management" name="Create Customer entry 2" time="4.039268">
<failure message="java.net.ConnectException: Connection refused: connect&#13;&#10;&#9;at java.net.DualStackPlainSocketImpl.connect0(Native Method)&#13;&#10;&#9;at java.net.DualStackPlainSocketImpl.socketConnect(Unknown Source)&#13;&#10;&#9;at java.net.AbstractPlainSocketImpl.doConnect(Unknown Source)&#13;&#10;&#9;at java.net.AbstractPlainSocketImpl.connectToAddress(Unknown Source)&#13;&#10;&#9;at java.net.AbstractPlainSocketImpl.connect(Unknown Source)&#13;&#10;&#9;at java.net.PlainSocketImpl.connect(Unknown Source)&#13;&#10;&#9;at java.net.SocksSocketImpl.connect(Unknown Source)&#13;&#10;&#9;at java.net.Socket.connect(Unknown Source)&#13;&#10;&#9;at org.apache.http.conn.scheme.PlainSocketFactory.connectSocket(PlainSocketFactory.java:121)&#13;&#10;&#9;at org.apache.http.impl.conn.DefaultClientConnectionOperator.openConnection(DefaultClientConnectionOperator.java:180)&#13;&#10;&#9;at org.apache.http.impl.conn.ManagedClientConnectionImpl.open(ManagedClientConnectionImpl.java:326)&#13;&#10;&#9;at org.apache.http.impl.client.DefaultRequestDirector.tryConnect(DefaultRequestDirector.java:610)&#13;&#10;&#9;at org.apache.http.impl.client.DefaultRequestDirector.execute(DefaultRequestDirector.java:445)&#13;&#10;&#9;at org.apache.http.impl.client.AbstractHttpClient.doExecute(AbstractHttpClient.java:835)&#13;&#10;&#9;at org.apache.http.impl.client.CloseableHttpClient.execute(CloseableHttpClient.java:83)&#13;&#10;&#9;at org.apache.http.impl.client.CloseableHttpClient.execute(CloseableHttpClient.java:56)&#13;&#10;&#9;at org.apache.http.client.HttpClient$execute$0.call(Unknown Source)&#13;&#10;&#9;at io.restassured.internal.RequestSpecificationImpl$RestAssuredHttpBuilder.doRequest(RequestSpecificationImpl.groovy:2055)&#13;&#10;&#9;at io.restassured.internal.http.HTTPBuilder.post(HTTPBuilder.java:349)&#13;&#10;&#9;at io.restassured.internal.http.HTTPBuilder$post$2.call(Unknown Source)&#13;&#10;&#9;at io.restassured.internal.RequestSpecificationImpl.sendRequest(RequestSpecificationImpl.groovy:1181)&#13;&#10;&#9;at sun.reflect.NativeMethodAccessorImpl.invoke0(Native Method)&#13;&#10;&#9;at sun.reflect.NativeMethodAccessorImpl.invoke(Unknown Source)&#13;&#10;&#9;at sun.reflect.DelegatingMethodAccessorImpl.invoke(Unknown Source)&#13;&#10;&#9;at java.lang.reflect.Method.invoke(Unknown Source)&#13;&#10;&#9;at org.codehaus.groovy.reflection.CachedMethod.invoke(CachedMethod.java:101)&#13;&#10;&#9;at groovy.lang.MetaMethod.doMethodInvoke(MetaMethod.java:323)&#13;&#10;&#9;at groovy.lang.MetaClassImpl.invokeMethod(MetaClassImpl.java:1217)&#13;&#10;&#9;at groovy.lang.MetaClassImpl.invokeMethod(MetaClassImpl.java:1041)&#13;&#10;&#9;at groovy.lang.MetaClassImpl.invokeMethod(MetaClassImpl.java:821)&#13;&#10;&#9;at io.restassured.internal.RequestSpecificationImpl.invokeMethod(RequestSpecificationImpl.groovy)&#13;&#10;&#9;at org.codehaus.groovy.runtime.callsite.PogoInterceptableSite.call(PogoInterceptableSite.java:45)&#13;&#10;&#9;at org.codehaus.groovy.runtime.callsite.AbstractCallSite.call(AbstractCallSite.java:151)&#13;&#10;&#9;at io.restassured.internal.filter.SendRequestFilter.filter(SendRequestFilter.groovy:30)&#13;&#10;&#9;at io.restassured.filter.Filter$filter$0.call(Unknown Source)&#13;&#10;&#9;at org.codehaus.groovy.runtime.callsite.CallSiteArray.defaultCall(CallSiteArray.java:47)&#13;&#10;&#9;at io.restassured.filter.Filter$filter.call(Unknown Source)&#13;&#10;&#9;at io.restassured.internal.filter.FilterContextImpl.next(FilterContextImpl.groovy:72)&#13;&#10;&#9;at io.restassured.filter.time.TimingFilter.filter(TimingFilter.java:56)&#13;&#10;&#9;at io.restassured.filter.Filter$filter.call(Unknown Source)&#13;&#10;&#9;at org.codehaus.groovy.runtime.callsite.CallSiteArray.defaultCall(CallSiteArray.java:47)&#13;&#10;&#9;at io.restassured.filter.Filter$filter$0.call(Unknown Source)&#13;&#10;&#9;at io.restassured.internal.filter.FilterContextImpl.next(FilterContextImpl.groovy:72)&#13;&#10;&#9;at io.restassured.filter.FilterContext$next.call(Unknown Source)&#13;&#10;&#9;at io.restassured.internal.RequestSpecificationImpl.applyPathParamsAndSendRequest(RequestSpecificationImpl.groovy:1655)&#13;&#10;&#9;at sun.reflect.NativeMethodAccessorImpl.invoke0(Native Method)&#13;&#10;&#9;at sun.reflect.NativeMethodAccessorImpl.invoke(Unknown Source)&#13;&#10;&#9;at sun.reflect.DelegatingMethodAccessorImpl.invoke(Unknown Source)&#13;&#10;&#9;at java.lang.reflect.Method.invoke(Unknown Source)&#13;&#10;&#9;at org.codehaus.groovy.reflection.CachedMethod.invoke(CachedMethod.java:101)&#13;&#10;&#9;at groovy.lang.MetaMethod.doMethodInvoke(MetaMethod.java:323)&#13;&#10;&#9;at groovy.lang.MetaClassImpl.invokeMethod(MetaClassImpl.java:1217)&#13;&#10;&#9;at groovy.lang.MetaClassImpl.invokeMethod(MetaClassImpl.java:1041)&#13;&#10;&#9;at groovy.lang.MetaClassImpl.invokeMethod(MetaClassImpl.java:821)&#13;&#10;&#9;at io.restassured.internal.RequestSpecificationImpl.invokeMethod(RequestSpecificationImpl.groovy)&#13;&#10;&#9;at org.codehaus.groovy.runtime.callsite.PogoInterceptableSite.call(PogoInterceptableSite.java:45)&#13;&#10;&#9;at org.codehaus.groovy.runtime.callsite.PogoInterceptableSite.callCurrent(PogoInterceptableSite.java:55)&#13;&#10;&#9;at org.codehaus.groovy.runtime.callsite.AbstractCallSite.callCurrent(AbstractCallSite.java:184)&#13;&#10;&#9;at io.restassured.internal.RequestSpecificationImpl.applyPathParamsAndSendRequest(RequestSpecificationImpl.groovy:1661)&#13;&#10;&#9;at sun.reflect.NativeMethodAccessorImpl.invoke0(Native Method)&#13;&#10;&#9;at sun.reflect.NativeMethodAccessorImpl.invoke(Unknown Source)&#13;&#10;&#9;at sun.reflect.DelegatingMethodAccessorImpl.invoke(Unknown Source)&#13;&#10;&#9;at java.lang.reflect.Method.invoke(Unknown Source)&#13;&#10;&#9;at org.codehaus.groovy.reflection.CachedMethod.invoke(CachedMethod.java:101)&#13;&#10;&#9;at groovy.lang.MetaMethod.doMethodInvoke(MetaMethod.java:323)&#13;&#10;&#9;at groovy.lang.MetaClassImpl.invokeMethod(MetaClassImpl.java:1217)&#13;&#10;&#9;at groovy.lang.MetaClassImpl.invokeMethod(MetaClassImpl.java:1041)&#13;&#10;&#9;at groovy.lang.MetaClassImpl.invokeMethod(MetaClassImpl.java:821)&#13;&#10;&#9;at io.restassured.internal.RequestSpecificationImpl.invokeMethod(RequestSpecificationImpl.groovy)&#13;&#10;&#9;at org.codehaus.groovy.runtime.callsite.PogoInterceptableSite.call(PogoInterceptableSite.java:45)&#13;&#10;&#9;at org.codehaus.groovy.runtime.callsite.PogoInterceptableSite.callCurrent(PogoInterceptableSite.java:55)&#13;&#10;&#9;at org.codehaus.groovy.runtime.callsite.AbstractCallSite.callCurrent(AbstractCallSite.java:184)&#13;&#10;&#9;at io.restassured.internal.RequestSpecificationImpl.post(RequestSpecificationImpl.groovy:175)&#13;&#10;&#9;at io.restassured.internal.RequestSpecificationImpl.post(RequestSpecificationImpl.groovy)&#13;&#10;&#9;at equifax.training.util.Util.POSTRes(Util.java:49)&#13;&#10;&#9;at StepDefinitions.BookStepDefinition.create_Customer_entry_with(BookStepDefinition.java:176)&#13;&#10;&#9;at ✽.Then Create Customer entry with &quot;Ryutt&quot;,&quot;89 th&quot;,&quot;USSR&quot;(C:/Users/Suresh/eclipse-workspace/RestAssuredFramework/src/test/java/Features/GetBook.feature:40)&#13;&#10;"><![CDATA[Then Create Customer entry with "Ryutt","89 th","USSR"......................failed
Then Create Booking using bookID and CustomerID.............................skipped
Then Save Billing entry with "45 rt","150","48001","MI".....................skipped
Then Find Number of Books hold by customer using CustomerID.................skipped

StackTrace:
java.net.ConnectException: Connection refused: connect
	at java.net.DualStackPlainSocketImpl.connect0(Native Method)
	at java.net.DualStackPlainSocketImpl.socketConnect(Unknown Source)
	at java.net.AbstractPlainSocketImpl.doConnect(Unknown Source)
	at java.net.AbstractPlainSocketImpl.connectToAddress(Unknown Source)
	at java.net.AbstractPlainSocketImpl.connect(Unknown Source)
	at java.net.PlainSocketImpl.connect(Unknown Source)
	at java.net.SocksSocketImpl.connect(Unknown Source)
	at java.net.Socket.connect(Unknown Source)
	at org.apache.http.conn.scheme.PlainSocketFactory.connectSocket(PlainSocketFactory.java:121)
	at org.apache.http.impl.conn.DefaultClientConnectionOperator.openConnection(DefaultClientConnectionOperator.java:180)
	at org.apache.http.impl.conn.ManagedClientConnectionImpl.open(ManagedClientConnectionImpl.java:326)
	at org.apache.http.impl.client.DefaultRequestDirector.tryConnect(DefaultRequestDirector.java:610)
	at org.apache.http.impl.client.DefaultRequestDirector.execute(DefaultRequestDirector.java:445)
	at org.apache.http.impl.client.AbstractHttpClient.doExecute(AbstractHttpClient.java:835)
	at org.apache.http.impl.client.CloseableHttpClient.execute(CloseableHttpClient.java:83)
	at org.apache.http.impl.client.CloseableHttpClient.execute(CloseableHttpClient.java:56)
	at org.apache.http.client.HttpClient$execute$0.call(Unknown Source)
	at io.restassured.internal.RequestSpecificationImpl$RestAssuredHttpBuilder.doRequest(RequestSpecificationImpl.groovy:2055)
	at io.restassured.internal.http.HTTPBuilder.post(HTTPBuilder.java:349)
	at io.restassured.internal.http.HTTPBuilder$post$2.call(Unknown Source)
	at io.restassured.internal.RequestSpecificationImpl.sendRequest(RequestSpecificationImpl.groovy:1181)
	at sun.reflect.NativeMethodAccessorImpl.invoke0(Native Method)
	at sun.reflect.NativeMethodAccessorImpl.invoke(Unknown Source)
	at sun.reflect.DelegatingMethodAccessorImpl.invoke(Unknown Source)
	at java.lang.reflect.Method.invoke(Unknown Source)
	at org.codehaus.groovy.reflection.CachedMethod.invoke(CachedMethod.java:101)
	at groovy.lang.MetaMethod.doMethodInvoke(MetaMethod.java:323)
	at groovy.lang.MetaClassImpl.invokeMethod(MetaClassImpl.java:1217)
	at groovy.lang.MetaClassImpl.invokeMethod(MetaClassImpl.java:1041)
	at groovy.lang.MetaClassImpl.invokeMethod(MetaClassImpl.java:821)
	at io.restassured.internal.RequestSpecificationImpl.invokeMethod(RequestSpecificationImpl.groovy)
	at org.codehaus.groovy.runtime.callsite.PogoInterceptableSite.call(PogoInterceptableSite.java:45)
	at org.codehaus.groovy.runtime.callsite.AbstractCallSite.call(AbstractCallSite.java:151)
	at io.restassured.internal.filter.SendRequestFilter.filter(SendRequestFilter.groovy:30)
	at io.restassured.filter.Filter$filter$0.call(Unknown Source)
	at org.codehaus.groovy.runtime.callsite.CallSiteArray.defaultCall(CallSiteArray.java:47)
	at io.restassured.filter.Filter$filter.call(Unknown Source)
	at io.restassured.internal.filter.FilterContextImpl.next(FilterContextImpl.groovy:72)
	at io.restassured.filter.time.TimingFilter.filter(TimingFilter.java:56)
	at io.restassured.filter.Filter$filter.call(Unknown Source)
	at org.codehaus.groovy.runtime.callsite.CallSiteArray.defaultCall(CallSiteArray.java:47)
	at io.restassured.filter.Filter$filter$0.call(Unknown Source)
	at io.restassured.internal.filter.FilterContextImpl.next(FilterContextImpl.groovy:72)
	at io.restassured.filter.FilterContext$next.call(Unknown Source)
	at io.restassured.internal.RequestSpecificationImpl.applyPathParamsAndSendRequest(RequestSpecificationImpl.groovy:1655)
	at sun.reflect.NativeMethodAccessorImpl.invoke0(Native Method)
	at sun.reflect.NativeMethodAccessorImpl.invoke(Unknown Source)
	at sun.reflect.DelegatingMethodAccessorImpl.invoke(Unknown Source)
	at java.lang.reflect.Method.invoke(Unknown Source)
	at org.codehaus.groovy.reflection.CachedMethod.invoke(CachedMethod.java:101)
	at groovy.lang.MetaMethod.doMethodInvoke(MetaMethod.java:323)
	at groovy.lang.MetaClassImpl.invokeMethod(MetaClassImpl.java:1217)
	at groovy.lang.MetaClassImpl.invokeMethod(MetaClassImpl.java:1041)
	at groovy.lang.MetaClassImpl.invokeMethod(MetaClassImpl.java:821)
	at io.restassured.internal.RequestSpecificationImpl.invokeMethod(RequestSpecificationImpl.groovy)
	at org.codehaus.groovy.runtime.callsite.PogoInterceptableSite.call(PogoInterceptableSite.java:45)
	at org.codehaus.groovy.runtime.callsite.PogoInterceptableSite.callCurrent(PogoInterceptableSite.java:55)
	at org.codehaus.groovy.runtime.callsite.AbstractCallSite.callCurrent(AbstractCallSite.java:184)
	at io.restassured.internal.RequestSpecificationImpl.applyPathParamsAndSendRequest(RequestSpecificationImpl.groovy:1661)
	at sun.reflect.NativeMethodAccessorImpl.invoke0(Native Method)
	at sun.reflect.NativeMethodAccessorImpl.invoke(Unknown Source)
	at sun.reflect.DelegatingMethodAccessorImpl.invoke(Unknown Source)
	at java.lang.reflect.Method.invoke(Unknown Source)
	at org.codehaus.groovy.reflection.CachedMethod.invoke(CachedMethod.java:101)
	at groovy.lang.MetaMethod.doMethodInvoke(MetaMethod.java:323)
	at groovy.lang.MetaClassImpl.invokeMethod(MetaClassImpl.java:1217)
	at groovy.lang.MetaClassImpl.invokeMethod(MetaClassImpl.java:1041)
	at groovy.lang.MetaClassImpl.invokeMethod(MetaClassImpl.java:821)
	at io.restassured.internal.RequestSpecificationImpl.invokeMethod(RequestSpecificationImpl.groovy)
	at org.codehaus.groovy.runtime.callsite.PogoInterceptableSite.call(PogoInterceptableSite.java:45)
	at org.codehaus.groovy.runtime.callsite.PogoInterceptableSite.callCurrent(PogoInterceptableSite.java:55)
	at org.codehaus.groovy.runtime.callsite.AbstractCallSite.callCurrent(AbstractCallSite.java:184)
	at io.restassured.internal.RequestSpecificationImpl.post(RequestSpecificationImpl.groovy:175)
	at io.restassured.internal.RequestSpecificationImpl.post(RequestSpecificationImpl.groovy)
	at equifax.training.util.Util.POSTRes(Util.java:49)
	at StepDefinitions.BookStepDefinition.create_Customer_entry_with(BookStepDefinition.java:176)
	at ✽.Then Create Customer entry with "Ryutt","89 th","USSR"(C:/Users/Suresh/eclipse-workspace/RestAssuredFramework/src/test/java/Features/GetBook.feature:40)
]]></failure>
</testcase>
</testsuite>
